DEBUG - 2025-08-12 05:00:56 --> Session: Class initialized using 'CodeIgniter\Session\Handlers\FileHandler' driver.
DEBUG - 2025-08-12 05:00:56 --> Session: Class initialized using 'CodeIgniter\Session\Handlers\FileHandler' driver.
DEBUG - 2025-08-12 05:01:04 --> Session: Class initialized using 'CodeIgniter\Session\Handlers\FileHandler' driver.
DEBUG - 2025-08-12 05:05:39 --> Session: Class initialized using 'CodeIgniter\Session\Handlers\FileHandler' driver.
DEBUG - 2025-08-12 05:08:16 --> Session: Class initialized using 'CodeIgniter\Session\Handlers\FileHandler' driver.
DEBUG - 2025-08-12 05:11:37 --> Session: Class initialized using 'CodeIgniter\Session\Handlers\FileHandler' driver.
DEBUG - 2025-08-12 05:12:24 --> Session: Class initialized using 'CodeIgniter\Session\Handlers\FileHandler' driver.
DEBUG - 2025-08-12 05:15:25 --> Session: Class initialized using 'CodeIgniter\Session\Handlers\FileHandler' driver.
DEBUG - 2025-08-12 05:15:36 --> Session: Class initialized using 'CodeIgniter\Session\Handlers\FileHandler' driver.
DEBUG - 2025-08-12 05:15:56 --> Session: Class initialized using 'CodeIgniter\Session\Handlers\FileHandler' driver.
DEBUG - 2025-08-12 05:15:56 --> Session: Class initialized using 'CodeIgniter\Session\Handlers\FileHandler' driver.
DEBUG - 2025-08-12 05:16:45 --> Session: Class initialized using 'CodeIgniter\Session\Handlers\FileHandler' driver.
WARNING - 2025-08-12 05:16:45 --> [DEPRECATED] str_replace(): Passing null to parameter #3 ($subject) of type array|string is deprecated in APPPATH\Views\v_peminjaman.php on line 94.
 1 APPPATH\Views\v_peminjaman.php(94): str_replace('-', '', null)
 2 SYSTEMPATH\View\View.php(226): include('C:\\laragon\\www\\ci4\\app\\Views\\v_peminjaman.php')
 3 SYSTEMPATH\View\View.php(229): CodeIgniter\View\View->CodeIgniter\View\{closure}()
 4 SYSTEMPATH\Common.php(1167): CodeIgniter\View\View->render('v_peminjaman', [], true)
 5 APPPATH\Views\layout\v_content.php(4): view('v_peminjaman')
 6 SYSTEMPATH\View\View.php(226): include('C:\\laragon\\www\\ci4\\app\\Views\\layout\\v_content.php')
 7 SYSTEMPATH\View\View.php(229): CodeIgniter\View\View->CodeIgniter\View\{closure}()
 8 SYSTEMPATH\Common.php(1167): CodeIgniter\View\View->render('layout/v_content', [], true)
 9 APPPATH\Views\layout\v_wrapper.php(5): view('layout/v_content')
10 SYSTEMPATH\View\View.php(226): include('C:\\laragon\\www\\ci4\\app\\Views\\layout\\v_wrapper.php')
11 SYSTEMPATH\View\View.php(229): CodeIgniter\View\View->CodeIgniter\View\{closure}()
12 SYSTEMPATH\Common.php(1167): CodeIgniter\View\View->render('layout/v_wrapper', [], true)
13 APPPATH\Controllers\Home.php(222): view('layout/v_wrapper', [...])
14 SYSTEMPATH\CodeIgniter.php(933): App\Controllers\Home->peminjaman()
15 SYSTEMPATH\CodeIgniter.php(507): CodeIgniter\CodeIgniter->runController(Object(App\Controllers\Home))
16 SYSTEMPATH\CodeIgniter.php(354): CodeIgniter\CodeIgniter->handleRequest(null, Object(Config\Cache), false)
17 SYSTEMPATH\Boot.php(363): CodeIgniter\CodeIgniter->run()
18 SYSTEMPATH\Boot.php(68): CodeIgniter\Boot::runCodeIgniter(Object(CodeIgniter\CodeIgniter))
19 FCPATH\index.php(59): CodeIgniter\Boot::bootWeb(Object(Config\Paths))
DEBUG - 2025-08-12 05:20:14 --> Session: Class initialized using 'CodeIgniter\Session\Handlers\FileHandler' driver.
WARNING - 2025-08-12 05:20:14 --> [DEPRECATED] str_replace(): Passing null to parameter #3 ($subject) of type array|string is deprecated in APPPATH\Views\v_peminjaman.php on line 94.
 1 APPPATH\Views\v_peminjaman.php(94): str_replace('-', '', null)
 2 SYSTEMPATH\View\View.php(226): include('C:\\laragon\\www\\ci4\\app\\Views\\v_peminjaman.php')
 3 SYSTEMPATH\View\View.php(229): CodeIgniter\View\View->CodeIgniter\View\{closure}()
 4 SYSTEMPATH\Common.php(1167): CodeIgniter\View\View->render('v_peminjaman', [], true)
 5 APPPATH\Views\layout\v_content.php(4): view('v_peminjaman')
 6 SYSTEMPATH\View\View.php(226): include('C:\\laragon\\www\\ci4\\app\\Views\\layout\\v_content.php')
 7 SYSTEMPATH\View\View.php(229): CodeIgniter\View\View->CodeIgniter\View\{closure}()
 8 SYSTEMPATH\Common.php(1167): CodeIgniter\View\View->render('layout/v_content', [], true)
 9 APPPATH\Views\layout\v_wrapper.php(5): view('layout/v_content')
10 SYSTEMPATH\View\View.php(226): include('C:\\laragon\\www\\ci4\\app\\Views\\layout\\v_wrapper.php')
11 SYSTEMPATH\View\View.php(229): CodeIgniter\View\View->CodeIgniter\View\{closure}()
12 SYSTEMPATH\Common.php(1167): CodeIgniter\View\View->render('layout/v_wrapper', [], true)
13 APPPATH\Controllers\Home.php(222): view('layout/v_wrapper', [...])
14 SYSTEMPATH\CodeIgniter.php(933): App\Controllers\Home->peminjaman()
15 SYSTEMPATH\CodeIgniter.php(507): CodeIgniter\CodeIgniter->runController(Object(App\Controllers\Home))
16 SYSTEMPATH\CodeIgniter.php(354): CodeIgniter\CodeIgniter->handleRequest(null, Object(Config\Cache), false)
17 SYSTEMPATH\Boot.php(363): CodeIgniter\CodeIgniter->run()
18 SYSTEMPATH\Boot.php(68): CodeIgniter\Boot::runCodeIgniter(Object(CodeIgniter\CodeIgniter))
19 FCPATH\index.php(59): CodeIgniter\Boot::bootWeb(Object(Config\Paths))
DEBUG - 2025-08-12 05:21:05 --> Session: Class initialized using 'CodeIgniter\Session\Handlers\FileHandler' driver.
WARNING - 2025-08-12 05:21:05 --> [DEPRECATED] str_replace(): Passing null to parameter #3 ($subject) of type array|string is deprecated in APPPATH\Views\v_peminjaman.php on line 94.
 1 APPPATH\Views\v_peminjaman.php(94): str_replace('-', '', null)
 2 SYSTEMPATH\View\View.php(226): include('C:\\laragon\\www\\ci4\\app\\Views\\v_peminjaman.php')
 3 SYSTEMPATH\View\View.php(229): CodeIgniter\View\View->CodeIgniter\View\{closure}()
 4 SYSTEMPATH\Common.php(1167): CodeIgniter\View\View->render('v_peminjaman', [], true)
 5 APPPATH\Views\layout\v_content.php(4): view('v_peminjaman')
 6 SYSTEMPATH\View\View.php(226): include('C:\\laragon\\www\\ci4\\app\\Views\\layout\\v_content.php')
 7 SYSTEMPATH\View\View.php(229): CodeIgniter\View\View->CodeIgniter\View\{closure}()
 8 SYSTEMPATH\Common.php(1167): CodeIgniter\View\View->render('layout/v_content', [], true)
 9 APPPATH\Views\layout\v_wrapper.php(5): view('layout/v_content')
10 SYSTEMPATH\View\View.php(226): include('C:\\laragon\\www\\ci4\\app\\Views\\layout\\v_wrapper.php')
11 SYSTEMPATH\View\View.php(229): CodeIgniter\View\View->CodeIgniter\View\{closure}()
12 SYSTEMPATH\Common.php(1167): CodeIgniter\View\View->render('layout/v_wrapper', [], true)
13 APPPATH\Controllers\Home.php(222): view('layout/v_wrapper', [...])
14 SYSTEMPATH\CodeIgniter.php(933): App\Controllers\Home->peminjaman()
15 SYSTEMPATH\CodeIgniter.php(507): CodeIgniter\CodeIgniter->runController(Object(App\Controllers\Home))
16 SYSTEMPATH\CodeIgniter.php(354): CodeIgniter\CodeIgniter->handleRequest(null, Object(Config\Cache), false)
17 SYSTEMPATH\Boot.php(363): CodeIgniter\CodeIgniter->run()
18 SYSTEMPATH\Boot.php(68): CodeIgniter\Boot::runCodeIgniter(Object(CodeIgniter\CodeIgniter))
19 FCPATH\index.php(59): CodeIgniter\Boot::bootWeb(Object(Config\Paths))
DEBUG - 2025-08-12 05:21:47 --> Session: Class initialized using 'CodeIgniter\Session\Handlers\FileHandler' driver.
WARNING - 2025-08-12 05:21:47 --> [DEPRECATED] str_replace(): Passing null to parameter #3 ($subject) of type array|string is deprecated in APPPATH\Views\v_peminjaman.php on line 94.
 1 APPPATH\Views\v_peminjaman.php(94): str_replace('-', '', null)
 2 SYSTEMPATH\View\View.php(226): include('C:\\laragon\\www\\ci4\\app\\Views\\v_peminjaman.php')
 3 SYSTEMPATH\View\View.php(229): CodeIgniter\View\View->CodeIgniter\View\{closure}()
 4 SYSTEMPATH\Common.php(1167): CodeIgniter\View\View->render('v_peminjaman', [], true)
 5 APPPATH\Views\layout\v_content.php(4): view('v_peminjaman')
 6 SYSTEMPATH\View\View.php(226): include('C:\\laragon\\www\\ci4\\app\\Views\\layout\\v_content.php')
 7 SYSTEMPATH\View\View.php(229): CodeIgniter\View\View->CodeIgniter\View\{closure}()
 8 SYSTEMPATH\Common.php(1167): CodeIgniter\View\View->render('layout/v_content', [], true)
 9 APPPATH\Views\layout\v_wrapper.php(5): view('layout/v_content')
10 SYSTEMPATH\View\View.php(226): include('C:\\laragon\\www\\ci4\\app\\Views\\layout\\v_wrapper.php')
11 SYSTEMPATH\View\View.php(229): CodeIgniter\View\View->CodeIgniter\View\{closure}()
12 SYSTEMPATH\Common.php(1167): CodeIgniter\View\View->render('layout/v_wrapper', [], true)
13 APPPATH\Controllers\Home.php(222): view('layout/v_wrapper', [...])
14 SYSTEMPATH\CodeIgniter.php(933): App\Controllers\Home->peminjaman()
15 SYSTEMPATH\CodeIgniter.php(507): CodeIgniter\CodeIgniter->runController(Object(App\Controllers\Home))
16 SYSTEMPATH\CodeIgniter.php(354): CodeIgniter\CodeIgniter->handleRequest(null, Object(Config\Cache), false)
17 SYSTEMPATH\Boot.php(363): CodeIgniter\CodeIgniter->run()
18 SYSTEMPATH\Boot.php(68): CodeIgniter\Boot::runCodeIgniter(Object(CodeIgniter\CodeIgniter))
19 FCPATH\index.php(59): CodeIgniter\Boot::bootWeb(Object(Config\Paths))
DEBUG - 2025-08-12 05:27:17 --> Session: Class initialized using 'CodeIgniter\Session\Handlers\FileHandler' driver.
WARNING - 2025-08-12 05:27:17 --> [DEPRECATED] str_replace(): Passing null to parameter #3 ($subject) of type array|string is deprecated in APPPATH\Views\v_peminjaman.php on line 94.
 1 APPPATH\Views\v_peminjaman.php(94): str_replace('-', '', null)
 2 SYSTEMPATH\View\View.php(226): include('C:\\laragon\\www\\ci4\\app\\Views\\v_peminjaman.php')
 3 SYSTEMPATH\View\View.php(229): CodeIgniter\View\View->CodeIgniter\View\{closure}()
 4 SYSTEMPATH\Common.php(1167): CodeIgniter\View\View->render('v_peminjaman', [], true)
 5 APPPATH\Views\layout\v_content.php(4): view('v_peminjaman')
 6 SYSTEMPATH\View\View.php(226): include('C:\\laragon\\www\\ci4\\app\\Views\\layout\\v_content.php')
 7 SYSTEMPATH\View\View.php(229): CodeIgniter\View\View->CodeIgniter\View\{closure}()
 8 SYSTEMPATH\Common.php(1167): CodeIgniter\View\View->render('layout/v_content', [], true)
 9 APPPATH\Views\layout\v_wrapper.php(5): view('layout/v_content')
10 SYSTEMPATH\View\View.php(226): include('C:\\laragon\\www\\ci4\\app\\Views\\layout\\v_wrapper.php')
11 SYSTEMPATH\View\View.php(229): CodeIgniter\View\View->CodeIgniter\View\{closure}()
12 SYSTEMPATH\Common.php(1167): CodeIgniter\View\View->render('layout/v_wrapper', [], true)
13 APPPATH\Controllers\Home.php(222): view('layout/v_wrapper', [...])
14 SYSTEMPATH\CodeIgniter.php(933): App\Controllers\Home->peminjaman()
15 SYSTEMPATH\CodeIgniter.php(507): CodeIgniter\CodeIgniter->runController(Object(App\Controllers\Home))
16 SYSTEMPATH\CodeIgniter.php(354): CodeIgniter\CodeIgniter->handleRequest(null, Object(Config\Cache), false)
17 SYSTEMPATH\Boot.php(363): CodeIgniter\CodeIgniter->run()
18 SYSTEMPATH\Boot.php(68): CodeIgniter\Boot::runCodeIgniter(Object(CodeIgniter\CodeIgniter))
19 FCPATH\index.php(59): CodeIgniter\Boot::bootWeb(Object(Config\Paths))
DEBUG - 2025-08-12 05:27:19 --> Session: Class initialized using 'CodeIgniter\Session\Handlers\FileHandler' driver.
WARNING - 2025-08-12 05:27:19 --> [DEPRECATED] str_replace(): Passing null to parameter #3 ($subject) of type array|string is deprecated in APPPATH\Views\v_peminjaman.php on line 94.
 1 APPPATH\Views\v_peminjaman.php(94): str_replace('-', '', null)
 2 SYSTEMPATH\View\View.php(226): include('C:\\laragon\\www\\ci4\\app\\Views\\v_peminjaman.php')
 3 SYSTEMPATH\View\View.php(229): CodeIgniter\View\View->CodeIgniter\View\{closure}()
 4 SYSTEMPATH\Common.php(1167): CodeIgniter\View\View->render('v_peminjaman', [], true)
 5 APPPATH\Views\layout\v_content.php(4): view('v_peminjaman')
 6 SYSTEMPATH\View\View.php(226): include('C:\\laragon\\www\\ci4\\app\\Views\\layout\\v_content.php')
 7 SYSTEMPATH\View\View.php(229): CodeIgniter\View\View->CodeIgniter\View\{closure}()
 8 SYSTEMPATH\Common.php(1167): CodeIgniter\View\View->render('layout/v_content', [], true)
 9 APPPATH\Views\layout\v_wrapper.php(5): view('layout/v_content')
10 SYSTEMPATH\View\View.php(226): include('C:\\laragon\\www\\ci4\\app\\Views\\layout\\v_wrapper.php')
11 SYSTEMPATH\View\View.php(229): CodeIgniter\View\View->CodeIgniter\View\{closure}()
12 SYSTEMPATH\Common.php(1167): CodeIgniter\View\View->render('layout/v_wrapper', [], true)
13 APPPATH\Controllers\Home.php(222): view('layout/v_wrapper', [...])
14 SYSTEMPATH\CodeIgniter.php(933): App\Controllers\Home->peminjaman()
15 SYSTEMPATH\CodeIgniter.php(507): CodeIgniter\CodeIgniter->runController(Object(App\Controllers\Home))
16 SYSTEMPATH\CodeIgniter.php(354): CodeIgniter\CodeIgniter->handleRequest(null, Object(Config\Cache), false)
17 SYSTEMPATH\Boot.php(363): CodeIgniter\CodeIgniter->run()
18 SYSTEMPATH\Boot.php(68): CodeIgniter\Boot::runCodeIgniter(Object(CodeIgniter\CodeIgniter))
19 FCPATH\index.php(59): CodeIgniter\Boot::bootWeb(Object(Config\Paths))
DEBUG - 2025-08-12 05:29:06 --> Session: Class initialized using 'CodeIgniter\Session\Handlers\FileHandler' driver.
DEBUG - 2025-08-12 05:39:35 --> Session: Class initialized using 'CodeIgniter\Session\Handlers\FileHandler' driver.
DEBUG - 2025-08-12 05:39:55 --> Session: Class initialized using 'CodeIgniter\Session\Handlers\FileHandler' driver.
WARNING - 2025-08-12 05:39:55 --> [DEPRECATED] str_replace(): Passing null to parameter #3 ($subject) of type array|string is deprecated in APPPATH\Views\v_peminjaman.php on line 94.
 1 APPPATH\Views\v_peminjaman.php(94): str_replace('-', '', null)
 2 SYSTEMPATH\View\View.php(226): include('C:\\laragon\\www\\ci4\\app\\Views\\v_peminjaman.php')
 3 SYSTEMPATH\View\View.php(229): CodeIgniter\View\View->CodeIgniter\View\{closure}()
 4 SYSTEMPATH\Common.php(1167): CodeIgniter\View\View->render('v_peminjaman', [], true)
 5 APPPATH\Views\layout\v_content.php(4): view('v_peminjaman')
 6 SYSTEMPATH\View\View.php(226): include('C:\\laragon\\www\\ci4\\app\\Views\\layout\\v_content.php')
 7 SYSTEMPATH\View\View.php(229): CodeIgniter\View\View->CodeIgniter\View\{closure}()
 8 SYSTEMPATH\Common.php(1167): CodeIgniter\View\View->render('layout/v_content', [], true)
 9 APPPATH\Views\layout\v_wrapper.php(5): view('layout/v_content')
10 SYSTEMPATH\View\View.php(226): include('C:\\laragon\\www\\ci4\\app\\Views\\layout\\v_wrapper.php')
11 SYSTEMPATH\View\View.php(229): CodeIgniter\View\View->CodeIgniter\View\{closure}()
12 SYSTEMPATH\Common.php(1167): CodeIgniter\View\View->render('layout/v_wrapper', [], true)
13 APPPATH\Controllers\Home.php(222): view('layout/v_wrapper', [...])
14 SYSTEMPATH\CodeIgniter.php(933): App\Controllers\Home->peminjaman()
15 SYSTEMPATH\CodeIgniter.php(507): CodeIgniter\CodeIgniter->runController(Object(App\Controllers\Home))
16 SYSTEMPATH\CodeIgniter.php(354): CodeIgniter\CodeIgniter->handleRequest(null, Object(Config\Cache), false)
17 SYSTEMPATH\Boot.php(363): CodeIgniter\CodeIgniter->run()
18 SYSTEMPATH\Boot.php(68): CodeIgniter\Boot::runCodeIgniter(Object(CodeIgniter\CodeIgniter))
19 FCPATH\index.php(59): CodeIgniter\Boot::bootWeb(Object(Config\Paths))
DEBUG - 2025-08-12 05:39:59 --> Session: Class initialized using 'CodeIgniter\Session\Handlers\FileHandler' driver.
WARNING - 2025-08-12 05:39:59 --> [DEPRECATED] str_replace(): Passing null to parameter #3 ($subject) of type array|string is deprecated in APPPATH\Views\v_peminjaman.php on line 94.
 1 APPPATH\Views\v_peminjaman.php(94): str_replace('-', '', null)
 2 SYSTEMPATH\View\View.php(226): include('C:\\laragon\\www\\ci4\\app\\Views\\v_peminjaman.php')
 3 SYSTEMPATH\View\View.php(229): CodeIgniter\View\View->CodeIgniter\View\{closure}()
 4 SYSTEMPATH\Common.php(1167): CodeIgniter\View\View->render('v_peminjaman', [], true)
 5 APPPATH\Views\layout\v_content.php(4): view('v_peminjaman')
 6 SYSTEMPATH\View\View.php(226): include('C:\\laragon\\www\\ci4\\app\\Views\\layout\\v_content.php')
 7 SYSTEMPATH\View\View.php(229): CodeIgniter\View\View->CodeIgniter\View\{closure}()
 8 SYSTEMPATH\Common.php(1167): CodeIgniter\View\View->render('layout/v_content', [], true)
 9 APPPATH\Views\layout\v_wrapper.php(5): view('layout/v_content')
10 SYSTEMPATH\View\View.php(226): include('C:\\laragon\\www\\ci4\\app\\Views\\layout\\v_wrapper.php')
11 SYSTEMPATH\View\View.php(229): CodeIgniter\View\View->CodeIgniter\View\{closure}()
12 SYSTEMPATH\Common.php(1167): CodeIgniter\View\View->render('layout/v_wrapper', [], true)
13 APPPATH\Controllers\Home.php(222): view('layout/v_wrapper', [...])
14 SYSTEMPATH\CodeIgniter.php(933): App\Controllers\Home->peminjaman()
15 SYSTEMPATH\CodeIgniter.php(507): CodeIgniter\CodeIgniter->runController(Object(App\Controllers\Home))
16 SYSTEMPATH\CodeIgniter.php(354): CodeIgniter\CodeIgniter->handleRequest(null, Object(Config\Cache), false)
17 SYSTEMPATH\Boot.php(363): CodeIgniter\CodeIgniter->run()
18 SYSTEMPATH\Boot.php(68): CodeIgniter\Boot::runCodeIgniter(Object(CodeIgniter\CodeIgniter))
19 FCPATH\index.php(59): CodeIgniter\Boot::bootWeb(Object(Config\Paths))
DEBUG - 2025-08-12 05:42:08 --> Session: Class initialized using 'CodeIgniter\Session\Handlers\FileHandler' driver.
WARNING - 2025-08-12 05:42:08 --> [DEPRECATED] str_replace(): Passing null to parameter #3 ($subject) of type array|string is deprecated in APPPATH\Views\v_peminjaman.php on line 94.
 1 APPPATH\Views\v_peminjaman.php(94): str_replace('-', '', null)
 2 SYSTEMPATH\View\View.php(226): include('C:\\laragon\\www\\ci4\\app\\Views\\v_peminjaman.php')
 3 SYSTEMPATH\View\View.php(229): CodeIgniter\View\View->CodeIgniter\View\{closure}()
 4 SYSTEMPATH\Common.php(1167): CodeIgniter\View\View->render('v_peminjaman', [], true)
 5 APPPATH\Views\layout\v_content.php(4): view('v_peminjaman')
 6 SYSTEMPATH\View\View.php(226): include('C:\\laragon\\www\\ci4\\app\\Views\\layout\\v_content.php')
 7 SYSTEMPATH\View\View.php(229): CodeIgniter\View\View->CodeIgniter\View\{closure}()
 8 SYSTEMPATH\Common.php(1167): CodeIgniter\View\View->render('layout/v_content', [], true)
 9 APPPATH\Views\layout\v_wrapper.php(5): view('layout/v_content')
10 SYSTEMPATH\View\View.php(226): include('C:\\laragon\\www\\ci4\\app\\Views\\layout\\v_wrapper.php')
11 SYSTEMPATH\View\View.php(229): CodeIgniter\View\View->CodeIgniter\View\{closure}()
12 SYSTEMPATH\Common.php(1167): CodeIgniter\View\View->render('layout/v_wrapper', [], true)
13 APPPATH\Controllers\Home.php(222): view('layout/v_wrapper', [...])
14 SYSTEMPATH\CodeIgniter.php(933): App\Controllers\Home->peminjaman()
15 SYSTEMPATH\CodeIgniter.php(507): CodeIgniter\CodeIgniter->runController(Object(App\Controllers\Home))
16 SYSTEMPATH\CodeIgniter.php(354): CodeIgniter\CodeIgniter->handleRequest(null, Object(Config\Cache), false)
17 SYSTEMPATH\Boot.php(363): CodeIgniter\CodeIgniter->run()
18 SYSTEMPATH\Boot.php(68): CodeIgniter\Boot::runCodeIgniter(Object(CodeIgniter\CodeIgniter))
19 FCPATH\index.php(59): CodeIgniter\Boot::bootWeb(Object(Config\Paths))
DEBUG - 2025-08-12 05:43:46 --> Session: Class initialized using 'CodeIgniter\Session\Handlers\FileHandler' driver.
DEBUG - 2025-08-12 05:43:46 --> Session: Class initialized using 'CodeIgniter\Session\Handlers\FileHandler' driver.
DEBUG - 2025-08-12 05:43:56 --> Session: Class initialized using 'CodeIgniter\Session\Handlers\FileHandler' driver.
DEBUG - 2025-08-12 05:43:56 --> Session: Class initialized using 'CodeIgniter\Session\Handlers\FileHandler' driver.
DEBUG - 2025-08-12 06:37:47 --> Session: Class initialized using 'CodeIgniter\Session\Handlers\FileHandler' driver.
DEBUG - 2025-08-12 06:37:54 --> Session: Class initialized using 'CodeIgniter\Session\Handlers\FileHandler' driver.
DEBUG - 2025-08-12 06:37:55 --> Session: Class initialized using 'CodeIgniter\Session\Handlers\FileHandler' driver.
DEBUG - 2025-08-12 07:08:31 --> Session: Class initialized using 'CodeIgniter\Session\Handlers\FileHandler' driver.
DEBUG - 2025-08-12 07:08:38 --> Session: Class initialized using 'CodeIgniter\Session\Handlers\FileHandler' driver.
DEBUG - 2025-08-12 07:08:38 --> Session: Class initialized using 'CodeIgniter\Session\Handlers\FileHandler' driver.
DEBUG - 2025-08-12 07:08:44 --> Session: Class initialized using 'CodeIgniter\Session\Handlers\FileHandler' driver.
DEBUG - 2025-08-12 07:09:26 --> Session: Class initialized using 'CodeIgniter\Session\Handlers\FileHandler' driver.
WARNING - 2025-08-12 07:09:27 --> [DEPRECATED] str_replace(): Passing null to parameter #3 ($subject) of type array|string is deprecated in APPPATH\Views\v_peminjaman.php on line 94.
 1 APPPATH\Views\v_peminjaman.php(94): str_replace('-', '', null)
 2 SYSTEMPATH\View\View.php(226): include('C:\\laragon\\www\\ci4\\app\\Views\\v_peminjaman.php')
 3 SYSTEMPATH\View\View.php(229): CodeIgniter\View\View->CodeIgniter\View\{closure}()
 4 SYSTEMPATH\Common.php(1167): CodeIgniter\View\View->render('v_peminjaman', [], true)
 5 APPPATH\Views\layout\v_content.php(4): view('v_peminjaman')
 6 SYSTEMPATH\View\View.php(226): include('C:\\laragon\\www\\ci4\\app\\Views\\layout\\v_content.php')
 7 SYSTEMPATH\View\View.php(229): CodeIgniter\View\View->CodeIgniter\View\{closure}()
 8 SYSTEMPATH\Common.php(1167): CodeIgniter\View\View->render('layout/v_content', [], true)
 9 APPPATH\Views\layout\v_wrapper.php(5): view('layout/v_content')
10 SYSTEMPATH\View\View.php(226): include('C:\\laragon\\www\\ci4\\app\\Views\\layout\\v_wrapper.php')
11 SYSTEMPATH\View\View.php(229): CodeIgniter\View\View->CodeIgniter\View\{closure}()
12 SYSTEMPATH\Common.php(1167): CodeIgniter\View\View->render('layout/v_wrapper', [], true)
13 APPPATH\Controllers\Home.php(222): view('layout/v_wrapper', [...])
14 SYSTEMPATH\CodeIgniter.php(933): App\Controllers\Home->peminjaman()
15 SYSTEMPATH\CodeIgniter.php(507): CodeIgniter\CodeIgniter->runController(Object(App\Controllers\Home))
16 SYSTEMPATH\CodeIgniter.php(354): CodeIgniter\CodeIgniter->handleRequest(null, Object(Config\Cache), false)
17 SYSTEMPATH\Boot.php(363): CodeIgniter\CodeIgniter->run()
18 SYSTEMPATH\Boot.php(68): CodeIgniter\Boot::runCodeIgniter(Object(CodeIgniter\CodeIgniter))
19 FCPATH\index.php(59): CodeIgniter\Boot::bootWeb(Object(Config\Paths))
DEBUG - 2025-08-12 07:11:32 --> Session: Class initialized using 'CodeIgniter\Session\Handlers\FileHandler' driver.
DEBUG - 2025-08-12 07:11:45 --> Session: Class initialized using 'CodeIgniter\Session\Handlers\FileHandler' driver.
DEBUG - 2025-08-12 07:11:52 --> Session: Class initialized using 'CodeIgniter\Session\Handlers\FileHandler' driver.
WARNING - 2025-08-12 07:11:52 --> [DEPRECATED] str_replace(): Passing null to parameter #3 ($subject) of type array|string is deprecated in APPPATH\Views\v_peminjaman.php on line 94.
 1 APPPATH\Views\v_peminjaman.php(94): str_replace('-', '', null)
 2 SYSTEMPATH\View\View.php(226): include('C:\\laragon\\www\\ci4\\app\\Views\\v_peminjaman.php')
 3 SYSTEMPATH\View\View.php(229): CodeIgniter\View\View->CodeIgniter\View\{closure}()
 4 SYSTEMPATH\Common.php(1167): CodeIgniter\View\View->render('v_peminjaman', [], true)
 5 APPPATH\Views\layout\v_content.php(4): view('v_peminjaman')
 6 SYSTEMPATH\View\View.php(226): include('C:\\laragon\\www\\ci4\\app\\Views\\layout\\v_content.php')
 7 SYSTEMPATH\View\View.php(229): CodeIgniter\View\View->CodeIgniter\View\{closure}()
 8 SYSTEMPATH\Common.php(1167): CodeIgniter\View\View->render('layout/v_content', [], true)
 9 APPPATH\Views\layout\v_wrapper.php(5): view('layout/v_content')
10 SYSTEMPATH\View\View.php(226): include('C:\\laragon\\www\\ci4\\app\\Views\\layout\\v_wrapper.php')
11 SYSTEMPATH\View\View.php(229): CodeIgniter\View\View->CodeIgniter\View\{closure}()
12 SYSTEMPATH\Common.php(1167): CodeIgniter\View\View->render('layout/v_wrapper', [], true)
13 APPPATH\Controllers\Home.php(222): view('layout/v_wrapper', [...])
14 SYSTEMPATH\CodeIgniter.php(933): App\Controllers\Home->peminjaman()
15 SYSTEMPATH\CodeIgniter.php(507): CodeIgniter\CodeIgniter->runController(Object(App\Controllers\Home))
16 SYSTEMPATH\CodeIgniter.php(354): CodeIgniter\CodeIgniter->handleRequest(null, Object(Config\Cache), false)
17 SYSTEMPATH\Boot.php(363): CodeIgniter\CodeIgniter->run()
18 SYSTEMPATH\Boot.php(68): CodeIgniter\Boot::runCodeIgniter(Object(CodeIgniter\CodeIgniter))
19 FCPATH\index.php(59): CodeIgniter\Boot::bootWeb(Object(Config\Paths))
DEBUG - 2025-08-12 07:14:48 --> Session: Class initialized using 'CodeIgniter\Session\Handlers\FileHandler' driver.
WARNING - 2025-08-12 07:14:48 --> [DEPRECATED] str_replace(): Passing null to parameter #3 ($subject) of type array|string is deprecated in APPPATH\Views\v_peminjaman.php on line 94.
 1 APPPATH\Views\v_peminjaman.php(94): str_replace('-', '', null)
 2 SYSTEMPATH\View\View.php(226): include('C:\\laragon\\www\\ci4\\app\\Views\\v_peminjaman.php')
 3 SYSTEMPATH\View\View.php(229): CodeIgniter\View\View->CodeIgniter\View\{closure}()
 4 SYSTEMPATH\Common.php(1167): CodeIgniter\View\View->render('v_peminjaman', [], true)
 5 APPPATH\Views\layout\v_content.php(4): view('v_peminjaman')
 6 SYSTEMPATH\View\View.php(226): include('C:\\laragon\\www\\ci4\\app\\Views\\layout\\v_content.php')
 7 SYSTEMPATH\View\View.php(229): CodeIgniter\View\View->CodeIgniter\View\{closure}()
 8 SYSTEMPATH\Common.php(1167): CodeIgniter\View\View->render('layout/v_content', [], true)
 9 APPPATH\Views\layout\v_wrapper.php(5): view('layout/v_content')
10 SYSTEMPATH\View\View.php(226): include('C:\\laragon\\www\\ci4\\app\\Views\\layout\\v_wrapper.php')
11 SYSTEMPATH\View\View.php(229): CodeIgniter\View\View->CodeIgniter\View\{closure}()
12 SYSTEMPATH\Common.php(1167): CodeIgniter\View\View->render('layout/v_wrapper', [], true)
13 APPPATH\Controllers\Home.php(222): view('layout/v_wrapper', [...])
14 SYSTEMPATH\CodeIgniter.php(933): App\Controllers\Home->peminjaman()
15 SYSTEMPATH\CodeIgniter.php(507): CodeIgniter\CodeIgniter->runController(Object(App\Controllers\Home))
16 SYSTEMPATH\CodeIgniter.php(354): CodeIgniter\CodeIgniter->handleRequest(null, Object(Config\Cache), false)
17 SYSTEMPATH\Boot.php(363): CodeIgniter\CodeIgniter->run()
18 SYSTEMPATH\Boot.php(68): CodeIgniter\Boot::runCodeIgniter(Object(CodeIgniter\CodeIgniter))
19 FCPATH\index.php(59): CodeIgniter\Boot::bootWeb(Object(Config\Paths))
