DEBUG - 2025-08-24 12:04:10 --> Session: Class initialized using 'CodeIgniter\Session\Handlers\FileHandler' driver.
DEBUG - 2025-08-24 12:05:33 --> Session: Class initialized using 'CodeIgniter\Session\Handlers\FileHandler' driver.
DEBUG - 2025-08-24 12:05:33 --> Session: Class initialized using 'CodeIgniter\Session\Handlers\FileHandler' driver.
DEBUG - 2025-08-24 12:05:46 --> Session: Class initialized using 'CodeIgniter\Session\Handlers\FileHandler' driver.
DEBUG - 2025-08-24 12:05:46 --> Session: Class initialized using 'CodeIgniter\Session\Handlers\FileHandler' driver.
DEBUG - 2025-08-24 12:05:56 --> Session: Class initialized using 'CodeIgniter\Session\Handlers\FileHandler' driver.
DEBUG - 2025-08-24 12:06:26 --> Session: Class initialized using 'CodeIgniter\Session\Handlers\FileHandler' driver.
DEBUG - 2025-08-24 12:06:29 --> Session: Class initialized using 'CodeIgniter\Session\Handlers\FileHandler' driver.
DEBUG - 2025-08-24 12:06:36 --> Session: Class initialized using 'CodeIgniter\Session\Handlers\FileHandler' driver.
DEBUG - 2025-08-24 12:06:37 --> Session: Class initialized using 'CodeIgniter\Session\Handlers\FileHandler' driver.
DEBUG - 2025-08-24 12:07:12 --> Session: Class initialized using 'CodeIgniter\Session\Handlers\FileHandler' driver.
DEBUG - 2025-08-24 12:07:16 --> Session: Class initialized using 'CodeIgniter\Session\Handlers\FileHandler' driver.
DEBUG - 2025-08-24 12:07:19 --> Session: Class initialized using 'CodeIgniter\Session\Handlers\FileHandler' driver.
DEBUG - 2025-08-24 12:07:37 --> Session: Class initialized using 'CodeIgniter\Session\Handlers\FileHandler' driver.
DEBUG - 2025-08-24 12:07:38 --> Session: Class initialized using 'CodeIgniter\Session\Handlers\FileHandler' driver.
DEBUG - 2025-08-24 12:07:44 --> Session: Class initialized using 'CodeIgniter\Session\Handlers\FileHandler' driver.
DEBUG - 2025-08-24 12:08:09 --> Session: Class initialized using 'CodeIgniter\Session\Handlers\FileHandler' driver.
DEBUG - 2025-08-24 12:09:27 --> Session: Class initialized using 'CodeIgniter\Session\Handlers\FileHandler' driver.
DEBUG - 2025-08-24 12:09:37 --> Session: Class initialized using 'CodeIgniter\Session\Handlers\FileHandler' driver.
DEBUG - 2025-08-24 12:09:37 --> Session: Class initialized using 'CodeIgniter\Session\Handlers\FileHandler' driver.
DEBUG - 2025-08-24 12:09:48 --> Session: Class initialized using 'CodeIgniter\Session\Handlers\FileHandler' driver.
DEBUG - 2025-08-24 12:09:49 --> Session: Class initialized using 'CodeIgniter\Session\Handlers\FileHandler' driver.
DEBUG - 2025-08-24 12:10:08 --> Session: Class initialized using 'CodeIgniter\Session\Handlers\FileHandler' driver.
DEBUG - 2025-08-24 12:10:22 --> Session: Class initialized using 'CodeIgniter\Session\Handlers\FileHandler' driver.
DEBUG - 2025-08-24 12:10:22 --> Session: Class initialized using 'CodeIgniter\Session\Handlers\FileHandler' driver.
DEBUG - 2025-08-24 12:10:25 --> Session: Class initialized using 'CodeIgniter\Session\Handlers\FileHandler' driver.
DEBUG - 2025-08-24 12:10:38 --> Session: Class initialized using 'CodeIgniter\Session\Handlers\FileHandler' driver.
DEBUG - 2025-08-24 12:10:38 --> Session: Class initialized using 'CodeIgniter\Session\Handlers\FileHandler' driver.
DEBUG - 2025-08-24 12:10:47 --> Session: Class initialized using 'CodeIgniter\Session\Handlers\FileHandler' driver.
DEBUG - 2025-08-24 12:10:47 --> Session: Class initialized using 'CodeIgniter\Session\Handlers\FileHandler' driver.
DEBUG - 2025-08-24 12:10:55 --> Session: Class initialized using 'CodeIgniter\Session\Handlers\FileHandler' driver.
DEBUG - 2025-08-24 12:10:56 --> Session: Class initialized using 'CodeIgniter\Session\Handlers\FileHandler' driver.
DEBUG - 2025-08-24 12:11:08 --> Session: Class initialized using 'CodeIgniter\Session\Handlers\FileHandler' driver.
DEBUG - 2025-08-24 12:11:08 --> Session: Class initialized using 'CodeIgniter\Session\Handlers\FileHandler' driver.
DEBUG - 2025-08-24 12:11:12 --> Session: Class initialized using 'CodeIgniter\Session\Handlers\FileHandler' driver.
DEBUG - 2025-08-24 12:11:17 --> Session: Class initialized using 'CodeIgniter\Session\Handlers\FileHandler' driver.
DEBUG - 2025-08-24 12:12:36 --> Session: Class initialized using 'CodeIgniter\Session\Handlers\FileHandler' driver.
DEBUG - 2025-08-24 12:12:37 --> Session: Class initialized using 'CodeIgniter\Session\Handlers\FileHandler' driver.
DEBUG - 2025-08-24 12:12:43 --> Session: Class initialized using 'CodeIgniter\Session\Handlers\FileHandler' driver.
DEBUG - 2025-08-24 12:12:43 --> Session: Class initialized using 'CodeIgniter\Session\Handlers\FileHandler' driver.
DEBUG - 2025-08-24 12:12:51 --> Session: Class initialized using 'CodeIgniter\Session\Handlers\FileHandler' driver.
DEBUG - 2025-08-24 12:12:57 --> Session: Class initialized using 'CodeIgniter\Session\Handlers\FileHandler' driver.
DEBUG - 2025-08-24 12:13:03 --> Session: Class initialized using 'CodeIgniter\Session\Handlers\FileHandler' driver.
DEBUG - 2025-08-24 12:16:04 --> Session: Class initialized using 'CodeIgniter\Session\Handlers\FileHandler' driver.
ERROR - 2025-08-24 12:16:04 --> mysqli_sql_exception: Column 'judul_buku' cannot be null in C:\laragon\www\ci4\system\Database\MySQLi\Connection.php:327
Stack trace:
#0 C:\laragon\www\ci4\system\Database\MySQLi\Connection.php(327): mysqli->query('INSERT INTO `bu...', 0)
#1 C:\laragon\www\ci4\system\Database\BaseConnection.php(729): CodeIgniter\Database\MySQLi\Connection->execute('INSERT INTO `bu...')
#2 C:\laragon\www\ci4\system\Database\BaseConnection.php(646): CodeIgniter\Database\BaseConnection->simpleQuery('INSERT INTO `bu...')
#3 C:\laragon\www\ci4\system\Database\BaseBuilder.php(2345): CodeIgniter\Database\BaseConnection->query('INSERT INTO `bu...', Array, false)
#4 C:\laragon\www\ci4\app\Models\BukuModel.php(15): CodeIgniter\Database\BaseBuilder->insert(Array)
#5 C:\laragon\www\ci4\app\Controllers\Home.php(187): App\Models\BukuModel->insertBuku(Array)
#6 C:\laragon\www\ci4\system\CodeIgniter.php(933): App\Controllers\Home->tambah_buku()
#7 C:\laragon\www\ci4\system\CodeIgniter.php(507): CodeIgniter\CodeIgniter->runController(Object(App\Controllers\Home))
#8 C:\laragon\www\ci4\system\CodeIgniter.php(354): CodeIgniter\CodeIgniter->handleRequest(NULL, Object(Config\Cache), false)
#9 C:\laragon\www\ci4\system\Boot.php(363): CodeIgniter\CodeIgniter->run()
#10 C:\laragon\www\ci4\system\Boot.php(68): CodeIgniter\Boot::runCodeIgniter(Object(CodeIgniter\CodeIgniter))
#11 C:\laragon\www\ci4\public\index.php(59): CodeIgniter\Boot::bootWeb(Object(Config\Paths))
#12 {main}
CRITICAL - 2025-08-24 12:16:04 --> CodeIgniter\Database\Exceptions\DatabaseException: Column 'judul_buku' cannot be null
[Method: POST, Route: home/tambah_buku]
in SYSTEMPATH\Database\BaseConnection.php on line 684.
 1 SYSTEMPATH\Database\BaseBuilder.php(2345): CodeIgniter\Database\BaseConnection->query('INSERT INTO `buku` (`sampul`, `judul_buku`, `pengarang`, `penerbit`, `kota`, `tahun_terbit`, `jilid`, `jumlah_buku`, `harga_satuan`, `katalog`, `jumlah_halaman`, `isbn`) VALUES (:sampul:, :judul_buku:, :pengarang:, :penerbit:, :kota:, :tahun_terbit:, :jilid:, :jumlah_buku:, :harga_satuan:, :katalog:, :jumlah_halaman:, :isbn:)', [...], false)
 2 APPPATH\Models\BukuModel.php(15): CodeIgniter\Database\BaseBuilder->insert([...])
 3 APPPATH\Controllers\Home.php(187): App\Models\BukuModel->insertBuku([...])
 4 SYSTEMPATH\CodeIgniter.php(933): App\Controllers\Home->tambah_buku()
 5 SYSTEMPATH\CodeIgniter.php(507): CodeIgniter\CodeIgniter->runController(Object(App\Controllers\Home))
 6 SYSTEMPATH\CodeIgniter.php(354): CodeIgniter\CodeIgniter->handleRequest(null, Object(Config\Cache), false)
 7 SYSTEMPATH\Boot.php(363): CodeIgniter\CodeIgniter->run()
 8 SYSTEMPATH\Boot.php(68): CodeIgniter\Boot::runCodeIgniter(Object(CodeIgniter\CodeIgniter))
 9 FCPATH\index.php(59): CodeIgniter\Boot::bootWeb(Object(Config\Paths))
CRITICAL - 2025-08-24 12:16:04 --> [Caused by] CodeIgniter\Database\Exceptions\DatabaseException: Column 'judul_buku' cannot be null
in SYSTEMPATH\Database\MySQLi\Connection.php on line 332.
 1 SYSTEMPATH\Database\BaseConnection.php(729): CodeIgniter\Database\MySQLi\Connection->execute('INSERT INTO `buku` (`sampul`, `judul_buku`, `pengarang`, `penerbit`, `kota`, `tahun_terbit`, `jilid`, `jumlah_buku`, `harga_satuan`, `katalog`, `jumlah_halaman`, `isbn`) VALUES (NULL, NULL, \'Rick Riordan\', \'Noura Books\', \'\', \'\', \'6\', \'1\', \'\', \'Novel Fantasi\', \'\', \'978-623-242-412-8\')')
 2 SYSTEMPATH\Database\BaseConnection.php(646): CodeIgniter\Database\BaseConnection->simpleQuery('INSERT INTO `buku` (`sampul`, `judul_buku`, `pengarang`, `penerbit`, `kota`, `tahun_terbit`, `jilid`, `jumlah_buku`, `harga_satuan`, `katalog`, `jumlah_halaman`, `isbn`) VALUES (NULL, NULL, \'Rick Riordan\', \'Noura Books\', \'\', \'\', \'6\', \'1\', \'\', \'Novel Fantasi\', \'\', \'978-623-242-412-8\')')
 3 SYSTEMPATH\Database\BaseBuilder.php(2345): CodeIgniter\Database\BaseConnection->query('INSERT INTO `buku` (`sampul`, `judul_buku`, `pengarang`, `penerbit`, `kota`, `tahun_terbit`, `jilid`, `jumlah_buku`, `harga_satuan`, `katalog`, `jumlah_halaman`, `isbn`) VALUES (:sampul:, :judul_buku:, :pengarang:, :penerbit:, :kota:, :tahun_terbit:, :jilid:, :jumlah_buku:, :harga_satuan:, :katalog:, :jumlah_halaman:, :isbn:)', [...], false)
 4 APPPATH\Models\BukuModel.php(15): CodeIgniter\Database\BaseBuilder->insert([...])
 5 APPPATH\Controllers\Home.php(187): App\Models\BukuModel->insertBuku([...])
 6 SYSTEMPATH\CodeIgniter.php(933): App\Controllers\Home->tambah_buku()
 7 SYSTEMPATH\CodeIgniter.php(507): CodeIgniter\CodeIgniter->runController(Object(App\Controllers\Home))
 8 SYSTEMPATH\CodeIgniter.php(354): CodeIgniter\CodeIgniter->handleRequest(null, Object(Config\Cache), false)
 9 SYSTEMPATH\Boot.php(363): CodeIgniter\CodeIgniter->run()
10 SYSTEMPATH\Boot.php(68): CodeIgniter\Boot::runCodeIgniter(Object(CodeIgniter\CodeIgniter))
11 FCPATH\index.php(59): CodeIgniter\Boot::bootWeb(Object(Config\Paths))
CRITICAL - 2025-08-24 12:16:04 --> [Caused by] mysqli_sql_exception: Column 'judul_buku' cannot be null
in SYSTEMPATH\Database\MySQLi\Connection.php on line 327.
 1 SYSTEMPATH\Database\MySQLi\Connection.php(327): mysqli->query('INSERT INTO `buku` (`sampul`, `judul_buku`, `pengarang`, `penerbit`, `kota`, `tahun_terbit`, `jilid`, `jumlah_buku`, `harga_satuan`, `katalog`, `jumlah_halaman`, `isbn`) VALUES (NULL, NULL, \'Rick Riordan\', \'Noura Books\', \'\', \'\', \'6\', \'1\', \'\', \'Novel Fantasi\', \'\', \'978-623-242-412-8\')', 0)
 2 SYSTEMPATH\Database\BaseConnection.php(729): CodeIgniter\Database\MySQLi\Connection->execute('INSERT INTO `buku` (`sampul`, `judul_buku`, `pengarang`, `penerbit`, `kota`, `tahun_terbit`, `jilid`, `jumlah_buku`, `harga_satuan`, `katalog`, `jumlah_halaman`, `isbn`) VALUES (NULL, NULL, \'Rick Riordan\', \'Noura Books\', \'\', \'\', \'6\', \'1\', \'\', \'Novel Fantasi\', \'\', \'978-623-242-412-8\')')
 3 SYSTEMPATH\Database\BaseConnection.php(646): CodeIgniter\Database\BaseConnection->simpleQuery('INSERT INTO `buku` (`sampul`, `judul_buku`, `pengarang`, `penerbit`, `kota`, `tahun_terbit`, `jilid`, `jumlah_buku`, `harga_satuan`, `katalog`, `jumlah_halaman`, `isbn`) VALUES (NULL, NULL, \'Rick Riordan\', \'Noura Books\', \'\', \'\', \'6\', \'1\', \'\', \'Novel Fantasi\', \'\', \'978-623-242-412-8\')')
 4 SYSTEMPATH\Database\BaseBuilder.php(2345): CodeIgniter\Database\BaseConnection->query('INSERT INTO `buku` (`sampul`, `judul_buku`, `pengarang`, `penerbit`, `kota`, `tahun_terbit`, `jilid`, `jumlah_buku`, `harga_satuan`, `katalog`, `jumlah_halaman`, `isbn`) VALUES (:sampul:, :judul_buku:, :pengarang:, :penerbit:, :kota:, :tahun_terbit:, :jilid:, :jumlah_buku:, :harga_satuan:, :katalog:, :jumlah_halaman:, :isbn:)', [...], false)
 5 APPPATH\Models\BukuModel.php(15): CodeIgniter\Database\BaseBuilder->insert([...])
 6 APPPATH\Controllers\Home.php(187): App\Models\BukuModel->insertBuku([...])
 7 SYSTEMPATH\CodeIgniter.php(933): App\Controllers\Home->tambah_buku()
 8 SYSTEMPATH\CodeIgniter.php(507): CodeIgniter\CodeIgniter->runController(Object(App\Controllers\Home))
 9 SYSTEMPATH\CodeIgniter.php(354): CodeIgniter\CodeIgniter->handleRequest(null, Object(Config\Cache), false)
10 SYSTEMPATH\Boot.php(363): CodeIgniter\CodeIgniter->run()
11 SYSTEMPATH\Boot.php(68): CodeIgniter\Boot::runCodeIgniter(Object(CodeIgniter\CodeIgniter))
12 FCPATH\index.php(59): CodeIgniter\Boot::bootWeb(Object(Config\Paths))
DEBUG - 2025-08-24 12:16:14 --> Session: Class initialized using 'CodeIgniter\Session\Handlers\FileHandler' driver.
ERROR - 2025-08-24 12:16:14 --> mysqli_sql_exception: Column 'judul_buku' cannot be null in C:\laragon\www\ci4\system\Database\MySQLi\Connection.php:327
Stack trace:
#0 C:\laragon\www\ci4\system\Database\MySQLi\Connection.php(327): mysqli->query('INSERT INTO `bu...', 0)
#1 C:\laragon\www\ci4\system\Database\BaseConnection.php(729): CodeIgniter\Database\MySQLi\Connection->execute('INSERT INTO `bu...')
#2 C:\laragon\www\ci4\system\Database\BaseConnection.php(646): CodeIgniter\Database\BaseConnection->simpleQuery('INSERT INTO `bu...')
#3 C:\laragon\www\ci4\system\Database\BaseBuilder.php(2345): CodeIgniter\Database\BaseConnection->query('INSERT INTO `bu...', Array, false)
#4 C:\laragon\www\ci4\app\Models\BukuModel.php(15): CodeIgniter\Database\BaseBuilder->insert(Array)
#5 C:\laragon\www\ci4\app\Controllers\Home.php(187): App\Models\BukuModel->insertBuku(Array)
#6 C:\laragon\www\ci4\system\CodeIgniter.php(933): App\Controllers\Home->tambah_buku()
#7 C:\laragon\www\ci4\system\CodeIgniter.php(507): CodeIgniter\CodeIgniter->runController(Object(App\Controllers\Home))
#8 C:\laragon\www\ci4\system\CodeIgniter.php(354): CodeIgniter\CodeIgniter->handleRequest(NULL, Object(Config\Cache), false)
#9 C:\laragon\www\ci4\system\Boot.php(363): CodeIgniter\CodeIgniter->run()
#10 C:\laragon\www\ci4\system\Boot.php(68): CodeIgniter\Boot::runCodeIgniter(Object(CodeIgniter\CodeIgniter))
#11 C:\laragon\www\ci4\public\index.php(59): CodeIgniter\Boot::bootWeb(Object(Config\Paths))
#12 {main}
CRITICAL - 2025-08-24 12:16:14 --> CodeIgniter\Database\Exceptions\DatabaseException: Column 'judul_buku' cannot be null
[Method: POST, Route: home/tambah_buku]
in SYSTEMPATH\Database\BaseConnection.php on line 684.
 1 SYSTEMPATH\Database\BaseBuilder.php(2345): CodeIgniter\Database\BaseConnection->query('INSERT INTO `buku` (`sampul`, `judul_buku`, `pengarang`, `penerbit`, `kota`, `tahun_terbit`, `jilid`, `jumlah_buku`, `harga_satuan`, `katalog`, `jumlah_halaman`, `isbn`) VALUES (:sampul:, :judul_buku:, :pengarang:, :penerbit:, :kota:, :tahun_terbit:, :jilid:, :jumlah_buku:, :harga_satuan:, :katalog:, :jumlah_halaman:, :isbn:)', [...], false)
 2 APPPATH\Models\BukuModel.php(15): CodeIgniter\Database\BaseBuilder->insert([...])
 3 APPPATH\Controllers\Home.php(187): App\Models\BukuModel->insertBuku([...])
 4 SYSTEMPATH\CodeIgniter.php(933): App\Controllers\Home->tambah_buku()
 5 SYSTEMPATH\CodeIgniter.php(507): CodeIgniter\CodeIgniter->runController(Object(App\Controllers\Home))
 6 SYSTEMPATH\CodeIgniter.php(354): CodeIgniter\CodeIgniter->handleRequest(null, Object(Config\Cache), false)
 7 SYSTEMPATH\Boot.php(363): CodeIgniter\CodeIgniter->run()
 8 SYSTEMPATH\Boot.php(68): CodeIgniter\Boot::runCodeIgniter(Object(CodeIgniter\CodeIgniter))
 9 FCPATH\index.php(59): CodeIgniter\Boot::bootWeb(Object(Config\Paths))
CRITICAL - 2025-08-24 12:16:14 --> [Caused by] CodeIgniter\Database\Exceptions\DatabaseException: Column 'judul_buku' cannot be null
in SYSTEMPATH\Database\MySQLi\Connection.php on line 332.
 1 SYSTEMPATH\Database\BaseConnection.php(729): CodeIgniter\Database\MySQLi\Connection->execute('INSERT INTO `buku` (`sampul`, `judul_buku`, `pengarang`, `penerbit`, `kota`, `tahun_terbit`, `jilid`, `jumlah_buku`, `harga_satuan`, `katalog`, `jumlah_halaman`, `isbn`) VALUES (NULL, NULL, \'Rick Riordan\', \'Noura Books\', \'\', \'\', \'6\', \'1\', \'\', \'Novel Fantasi\', \'\', \'978-623-242-412-8\')')
 2 SYSTEMPATH\Database\BaseConnection.php(646): CodeIgniter\Database\BaseConnection->simpleQuery('INSERT INTO `buku` (`sampul`, `judul_buku`, `pengarang`, `penerbit`, `kota`, `tahun_terbit`, `jilid`, `jumlah_buku`, `harga_satuan`, `katalog`, `jumlah_halaman`, `isbn`) VALUES (NULL, NULL, \'Rick Riordan\', \'Noura Books\', \'\', \'\', \'6\', \'1\', \'\', \'Novel Fantasi\', \'\', \'978-623-242-412-8\')')
 3 SYSTEMPATH\Database\BaseBuilder.php(2345): CodeIgniter\Database\BaseConnection->query('INSERT INTO `buku` (`sampul`, `judul_buku`, `pengarang`, `penerbit`, `kota`, `tahun_terbit`, `jilid`, `jumlah_buku`, `harga_satuan`, `katalog`, `jumlah_halaman`, `isbn`) VALUES (:sampul:, :judul_buku:, :pengarang:, :penerbit:, :kota:, :tahun_terbit:, :jilid:, :jumlah_buku:, :harga_satuan:, :katalog:, :jumlah_halaman:, :isbn:)', [...], false)
 4 APPPATH\Models\BukuModel.php(15): CodeIgniter\Database\BaseBuilder->insert([...])
 5 APPPATH\Controllers\Home.php(187): App\Models\BukuModel->insertBuku([...])
 6 SYSTEMPATH\CodeIgniter.php(933): App\Controllers\Home->tambah_buku()
 7 SYSTEMPATH\CodeIgniter.php(507): CodeIgniter\CodeIgniter->runController(Object(App\Controllers\Home))
 8 SYSTEMPATH\CodeIgniter.php(354): CodeIgniter\CodeIgniter->handleRequest(null, Object(Config\Cache), false)
 9 SYSTEMPATH\Boot.php(363): CodeIgniter\CodeIgniter->run()
10 SYSTEMPATH\Boot.php(68): CodeIgniter\Boot::runCodeIgniter(Object(CodeIgniter\CodeIgniter))
11 FCPATH\index.php(59): CodeIgniter\Boot::bootWeb(Object(Config\Paths))
CRITICAL - 2025-08-24 12:16:14 --> [Caused by] mysqli_sql_exception: Column 'judul_buku' cannot be null
in SYSTEMPATH\Database\MySQLi\Connection.php on line 327.
 1 SYSTEMPATH\Database\MySQLi\Connection.php(327): mysqli->query('INSERT INTO `buku` (`sampul`, `judul_buku`, `pengarang`, `penerbit`, `kota`, `tahun_terbit`, `jilid`, `jumlah_buku`, `harga_satuan`, `katalog`, `jumlah_halaman`, `isbn`) VALUES (NULL, NULL, \'Rick Riordan\', \'Noura Books\', \'\', \'\', \'6\', \'1\', \'\', \'Novel Fantasi\', \'\', \'978-623-242-412-8\')', 0)
 2 SYSTEMPATH\Database\BaseConnection.php(729): CodeIgniter\Database\MySQLi\Connection->execute('INSERT INTO `buku` (`sampul`, `judul_buku`, `pengarang`, `penerbit`, `kota`, `tahun_terbit`, `jilid`, `jumlah_buku`, `harga_satuan`, `katalog`, `jumlah_halaman`, `isbn`) VALUES (NULL, NULL, \'Rick Riordan\', \'Noura Books\', \'\', \'\', \'6\', \'1\', \'\', \'Novel Fantasi\', \'\', \'978-623-242-412-8\')')
 3 SYSTEMPATH\Database\BaseConnection.php(646): CodeIgniter\Database\BaseConnection->simpleQuery('INSERT INTO `buku` (`sampul`, `judul_buku`, `pengarang`, `penerbit`, `kota`, `tahun_terbit`, `jilid`, `jumlah_buku`, `harga_satuan`, `katalog`, `jumlah_halaman`, `isbn`) VALUES (NULL, NULL, \'Rick Riordan\', \'Noura Books\', \'\', \'\', \'6\', \'1\', \'\', \'Novel Fantasi\', \'\', \'978-623-242-412-8\')')
 4 SYSTEMPATH\Database\BaseBuilder.php(2345): CodeIgniter\Database\BaseConnection->query('INSERT INTO `buku` (`sampul`, `judul_buku`, `pengarang`, `penerbit`, `kota`, `tahun_terbit`, `jilid`, `jumlah_buku`, `harga_satuan`, `katalog`, `jumlah_halaman`, `isbn`) VALUES (:sampul:, :judul_buku:, :pengarang:, :penerbit:, :kota:, :tahun_terbit:, :jilid:, :jumlah_buku:, :harga_satuan:, :katalog:, :jumlah_halaman:, :isbn:)', [...], false)
 5 APPPATH\Models\BukuModel.php(15): CodeIgniter\Database\BaseBuilder->insert([...])
 6 APPPATH\Controllers\Home.php(187): App\Models\BukuModel->insertBuku([...])
 7 SYSTEMPATH\CodeIgniter.php(933): App\Controllers\Home->tambah_buku()
 8 SYSTEMPATH\CodeIgniter.php(507): CodeIgniter\CodeIgniter->runController(Object(App\Controllers\Home))
 9 SYSTEMPATH\CodeIgniter.php(354): CodeIgniter\CodeIgniter->handleRequest(null, Object(Config\Cache), false)
10 SYSTEMPATH\Boot.php(363): CodeIgniter\CodeIgniter->run()
11 SYSTEMPATH\Boot.php(68): CodeIgniter\Boot::runCodeIgniter(Object(CodeIgniter\CodeIgniter))
12 FCPATH\index.php(59): CodeIgniter\Boot::bootWeb(Object(Config\Paths))
DEBUG - 2025-08-24 12:16:29 --> Session: Class initialized using 'CodeIgniter\Session\Handlers\FileHandler' driver.
ERROR - 2025-08-24 12:16:29 --> mysqli_sql_exception: Column 'judul_buku' cannot be null in C:\laragon\www\ci4\system\Database\MySQLi\Connection.php:327
Stack trace:
#0 C:\laragon\www\ci4\system\Database\MySQLi\Connection.php(327): mysqli->query('INSERT INTO `bu...', 0)
#1 C:\laragon\www\ci4\system\Database\BaseConnection.php(729): CodeIgniter\Database\MySQLi\Connection->execute('INSERT INTO `bu...')
#2 C:\laragon\www\ci4\system\Database\BaseConnection.php(646): CodeIgniter\Database\BaseConnection->simpleQuery('INSERT INTO `bu...')
#3 C:\laragon\www\ci4\system\Database\BaseBuilder.php(2345): CodeIgniter\Database\BaseConnection->query('INSERT INTO `bu...', Array, false)
#4 C:\laragon\www\ci4\app\Models\BukuModel.php(15): CodeIgniter\Database\BaseBuilder->insert(Array)
#5 C:\laragon\www\ci4\app\Controllers\Home.php(187): App\Models\BukuModel->insertBuku(Array)
#6 C:\laragon\www\ci4\system\CodeIgniter.php(933): App\Controllers\Home->tambah_buku()
#7 C:\laragon\www\ci4\system\CodeIgniter.php(507): CodeIgniter\CodeIgniter->runController(Object(App\Controllers\Home))
#8 C:\laragon\www\ci4\system\CodeIgniter.php(354): CodeIgniter\CodeIgniter->handleRequest(NULL, Object(Config\Cache), false)
#9 C:\laragon\www\ci4\system\Boot.php(363): CodeIgniter\CodeIgniter->run()
#10 C:\laragon\www\ci4\system\Boot.php(68): CodeIgniter\Boot::runCodeIgniter(Object(CodeIgniter\CodeIgniter))
#11 C:\laragon\www\ci4\public\index.php(59): CodeIgniter\Boot::bootWeb(Object(Config\Paths))
#12 {main}
CRITICAL - 2025-08-24 12:16:29 --> CodeIgniter\Database\Exceptions\DatabaseException: Column 'judul_buku' cannot be null
[Method: POST, Route: home/tambah_buku]
in SYSTEMPATH\Database\BaseConnection.php on line 684.
 1 SYSTEMPATH\Database\BaseBuilder.php(2345): CodeIgniter\Database\BaseConnection->query('INSERT INTO `buku` (`sampul`, `judul_buku`, `pengarang`, `penerbit`, `kota`, `tahun_terbit`, `jilid`, `jumlah_buku`, `harga_satuan`, `katalog`, `jumlah_halaman`, `isbn`) VALUES (:sampul:, :judul_buku:, :pengarang:, :penerbit:, :kota:, :tahun_terbit:, :jilid:, :jumlah_buku:, :harga_satuan:, :katalog:, :jumlah_halaman:, :isbn:)', [...], false)
 2 APPPATH\Models\BukuModel.php(15): CodeIgniter\Database\BaseBuilder->insert([...])
 3 APPPATH\Controllers\Home.php(187): App\Models\BukuModel->insertBuku([...])
 4 SYSTEMPATH\CodeIgniter.php(933): App\Controllers\Home->tambah_buku()
 5 SYSTEMPATH\CodeIgniter.php(507): CodeIgniter\CodeIgniter->runController(Object(App\Controllers\Home))
 6 SYSTEMPATH\CodeIgniter.php(354): CodeIgniter\CodeIgniter->handleRequest(null, Object(Config\Cache), false)
 7 SYSTEMPATH\Boot.php(363): CodeIgniter\CodeIgniter->run()
 8 SYSTEMPATH\Boot.php(68): CodeIgniter\Boot::runCodeIgniter(Object(CodeIgniter\CodeIgniter))
 9 FCPATH\index.php(59): CodeIgniter\Boot::bootWeb(Object(Config\Paths))
CRITICAL - 2025-08-24 12:16:29 --> [Caused by] CodeIgniter\Database\Exceptions\DatabaseException: Column 'judul_buku' cannot be null
in SYSTEMPATH\Database\MySQLi\Connection.php on line 332.
 1 SYSTEMPATH\Database\BaseConnection.php(729): CodeIgniter\Database\MySQLi\Connection->execute('INSERT INTO `buku` (`sampul`, `judul_buku`, `pengarang`, `penerbit`, `kota`, `tahun_terbit`, `jilid`, `jumlah_buku`, `harga_satuan`, `katalog`, `jumlah_halaman`, `isbn`) VALUES (NULL, NULL, \'Rick Riordan\', \'Noura Books\', \'\', \'\', \'6\', \'1\', \'\', \'Novel Fantasi\', \'\', \'978-623-242-412-8\')')
 2 SYSTEMPATH\Database\BaseConnection.php(646): CodeIgniter\Database\BaseConnection->simpleQuery('INSERT INTO `buku` (`sampul`, `judul_buku`, `pengarang`, `penerbit`, `kota`, `tahun_terbit`, `jilid`, `jumlah_buku`, `harga_satuan`, `katalog`, `jumlah_halaman`, `isbn`) VALUES (NULL, NULL, \'Rick Riordan\', \'Noura Books\', \'\', \'\', \'6\', \'1\', \'\', \'Novel Fantasi\', \'\', \'978-623-242-412-8\')')
 3 SYSTEMPATH\Database\BaseBuilder.php(2345): CodeIgniter\Database\BaseConnection->query('INSERT INTO `buku` (`sampul`, `judul_buku`, `pengarang`, `penerbit`, `kota`, `tahun_terbit`, `jilid`, `jumlah_buku`, `harga_satuan`, `katalog`, `jumlah_halaman`, `isbn`) VALUES (:sampul:, :judul_buku:, :pengarang:, :penerbit:, :kota:, :tahun_terbit:, :jilid:, :jumlah_buku:, :harga_satuan:, :katalog:, :jumlah_halaman:, :isbn:)', [...], false)
 4 APPPATH\Models\BukuModel.php(15): CodeIgniter\Database\BaseBuilder->insert([...])
 5 APPPATH\Controllers\Home.php(187): App\Models\BukuModel->insertBuku([...])
 6 SYSTEMPATH\CodeIgniter.php(933): App\Controllers\Home->tambah_buku()
 7 SYSTEMPATH\CodeIgniter.php(507): CodeIgniter\CodeIgniter->runController(Object(App\Controllers\Home))
 8 SYSTEMPATH\CodeIgniter.php(354): CodeIgniter\CodeIgniter->handleRequest(null, Object(Config\Cache), false)
 9 SYSTEMPATH\Boot.php(363): CodeIgniter\CodeIgniter->run()
10 SYSTEMPATH\Boot.php(68): CodeIgniter\Boot::runCodeIgniter(Object(CodeIgniter\CodeIgniter))
11 FCPATH\index.php(59): CodeIgniter\Boot::bootWeb(Object(Config\Paths))
CRITICAL - 2025-08-24 12:16:29 --> [Caused by] mysqli_sql_exception: Column 'judul_buku' cannot be null
in SYSTEMPATH\Database\MySQLi\Connection.php on line 327.
 1 SYSTEMPATH\Database\MySQLi\Connection.php(327): mysqli->query('INSERT INTO `buku` (`sampul`, `judul_buku`, `pengarang`, `penerbit`, `kota`, `tahun_terbit`, `jilid`, `jumlah_buku`, `harga_satuan`, `katalog`, `jumlah_halaman`, `isbn`) VALUES (NULL, NULL, \'Rick Riordan\', \'Noura Books\', \'\', \'\', \'6\', \'1\', \'\', \'Novel Fantasi\', \'\', \'978-623-242-412-8\')', 0)
 2 SYSTEMPATH\Database\BaseConnection.php(729): CodeIgniter\Database\MySQLi\Connection->execute('INSERT INTO `buku` (`sampul`, `judul_buku`, `pengarang`, `penerbit`, `kota`, `tahun_terbit`, `jilid`, `jumlah_buku`, `harga_satuan`, `katalog`, `jumlah_halaman`, `isbn`) VALUES (NULL, NULL, \'Rick Riordan\', \'Noura Books\', \'\', \'\', \'6\', \'1\', \'\', \'Novel Fantasi\', \'\', \'978-623-242-412-8\')')
 3 SYSTEMPATH\Database\BaseConnection.php(646): CodeIgniter\Database\BaseConnection->simpleQuery('INSERT INTO `buku` (`sampul`, `judul_buku`, `pengarang`, `penerbit`, `kota`, `tahun_terbit`, `jilid`, `jumlah_buku`, `harga_satuan`, `katalog`, `jumlah_halaman`, `isbn`) VALUES (NULL, NULL, \'Rick Riordan\', \'Noura Books\', \'\', \'\', \'6\', \'1\', \'\', \'Novel Fantasi\', \'\', \'978-623-242-412-8\')')
 4 SYSTEMPATH\Database\BaseBuilder.php(2345): CodeIgniter\Database\BaseConnection->query('INSERT INTO `buku` (`sampul`, `judul_buku`, `pengarang`, `penerbit`, `kota`, `tahun_terbit`, `jilid`, `jumlah_buku`, `harga_satuan`, `katalog`, `jumlah_halaman`, `isbn`) VALUES (:sampul:, :judul_buku:, :pengarang:, :penerbit:, :kota:, :tahun_terbit:, :jilid:, :jumlah_buku:, :harga_satuan:, :katalog:, :jumlah_halaman:, :isbn:)', [...], false)
 5 APPPATH\Models\BukuModel.php(15): CodeIgniter\Database\BaseBuilder->insert([...])
 6 APPPATH\Controllers\Home.php(187): App\Models\BukuModel->insertBuku([...])
 7 SYSTEMPATH\CodeIgniter.php(933): App\Controllers\Home->tambah_buku()
 8 SYSTEMPATH\CodeIgniter.php(507): CodeIgniter\CodeIgniter->runController(Object(App\Controllers\Home))
 9 SYSTEMPATH\CodeIgniter.php(354): CodeIgniter\CodeIgniter->handleRequest(null, Object(Config\Cache), false)
10 SYSTEMPATH\Boot.php(363): CodeIgniter\CodeIgniter->run()
11 SYSTEMPATH\Boot.php(68): CodeIgniter\Boot::runCodeIgniter(Object(CodeIgniter\CodeIgniter))
12 FCPATH\index.php(59): CodeIgniter\Boot::bootWeb(Object(Config\Paths))
DEBUG - 2025-08-24 12:17:30 --> Session: Class initialized using 'CodeIgniter\Session\Handlers\FileHandler' driver.
ERROR - 2025-08-24 12:17:30 --> mysqli_sql_exception: Column 'judul_buku' cannot be null in C:\laragon\www\ci4\system\Database\MySQLi\Connection.php:327
Stack trace:
#0 C:\laragon\www\ci4\system\Database\MySQLi\Connection.php(327): mysqli->query('INSERT INTO `bu...', 0)
#1 C:\laragon\www\ci4\system\Database\BaseConnection.php(729): CodeIgniter\Database\MySQLi\Connection->execute('INSERT INTO `bu...')
#2 C:\laragon\www\ci4\system\Database\BaseConnection.php(646): CodeIgniter\Database\BaseConnection->simpleQuery('INSERT INTO `bu...')
#3 C:\laragon\www\ci4\system\Database\BaseBuilder.php(2345): CodeIgniter\Database\BaseConnection->query('INSERT INTO `bu...', Array, false)
#4 C:\laragon\www\ci4\app\Models\BukuModel.php(15): CodeIgniter\Database\BaseBuilder->insert(Array)
#5 C:\laragon\www\ci4\app\Controllers\Home.php(187): App\Models\BukuModel->insertBuku(Array)
#6 C:\laragon\www\ci4\system\CodeIgniter.php(933): App\Controllers\Home->tambah_buku()
#7 C:\laragon\www\ci4\system\CodeIgniter.php(507): CodeIgniter\CodeIgniter->runController(Object(App\Controllers\Home))
#8 C:\laragon\www\ci4\system\CodeIgniter.php(354): CodeIgniter\CodeIgniter->handleRequest(NULL, Object(Config\Cache), false)
#9 C:\laragon\www\ci4\system\Boot.php(363): CodeIgniter\CodeIgniter->run()
#10 C:\laragon\www\ci4\system\Boot.php(68): CodeIgniter\Boot::runCodeIgniter(Object(CodeIgniter\CodeIgniter))
#11 C:\laragon\www\ci4\public\index.php(59): CodeIgniter\Boot::bootWeb(Object(Config\Paths))
#12 {main}
CRITICAL - 2025-08-24 12:17:30 --> CodeIgniter\Database\Exceptions\DatabaseException: Column 'judul_buku' cannot be null
[Method: POST, Route: home/tambah_buku]
in SYSTEMPATH\Database\BaseConnection.php on line 684.
 1 SYSTEMPATH\Database\BaseBuilder.php(2345): CodeIgniter\Database\BaseConnection->query('INSERT INTO `buku` (`sampul`, `judul_buku`, `pengarang`, `penerbit`, `kota`, `tahun_terbit`, `jilid`, `jumlah_buku`, `harga_satuan`, `katalog`, `jumlah_halaman`, `isbn`) VALUES (:sampul:, :judul_buku:, :pengarang:, :penerbit:, :kota:, :tahun_terbit:, :jilid:, :jumlah_buku:, :harga_satuan:, :katalog:, :jumlah_halaman:, :isbn:)', [...], false)
 2 APPPATH\Models\BukuModel.php(15): CodeIgniter\Database\BaseBuilder->insert([...])
 3 APPPATH\Controllers\Home.php(187): App\Models\BukuModel->insertBuku([...])
 4 SYSTEMPATH\CodeIgniter.php(933): App\Controllers\Home->tambah_buku()
 5 SYSTEMPATH\CodeIgniter.php(507): CodeIgniter\CodeIgniter->runController(Object(App\Controllers\Home))
 6 SYSTEMPATH\CodeIgniter.php(354): CodeIgniter\CodeIgniter->handleRequest(null, Object(Config\Cache), false)
 7 SYSTEMPATH\Boot.php(363): CodeIgniter\CodeIgniter->run()
 8 SYSTEMPATH\Boot.php(68): CodeIgniter\Boot::runCodeIgniter(Object(CodeIgniter\CodeIgniter))
 9 FCPATH\index.php(59): CodeIgniter\Boot::bootWeb(Object(Config\Paths))
CRITICAL - 2025-08-24 12:17:30 --> [Caused by] CodeIgniter\Database\Exceptions\DatabaseException: Column 'judul_buku' cannot be null
in SYSTEMPATH\Database\MySQLi\Connection.php on line 332.
 1 SYSTEMPATH\Database\BaseConnection.php(729): CodeIgniter\Database\MySQLi\Connection->execute('INSERT INTO `buku` (`sampul`, `judul_buku`, `pengarang`, `penerbit`, `kota`, `tahun_terbit`, `jilid`, `jumlah_buku`, `harga_satuan`, `katalog`, `jumlah_halaman`, `isbn`) VALUES (NULL, NULL, \'Rick Riordan\', \'Noura Books\', \'\', \'\', \'6\', \'1\', \'\', \'Novel Fantasi\', \'\', \'978-623-242-412-8\')')
 2 SYSTEMPATH\Database\BaseConnection.php(646): CodeIgniter\Database\BaseConnection->simpleQuery('INSERT INTO `buku` (`sampul`, `judul_buku`, `pengarang`, `penerbit`, `kota`, `tahun_terbit`, `jilid`, `jumlah_buku`, `harga_satuan`, `katalog`, `jumlah_halaman`, `isbn`) VALUES (NULL, NULL, \'Rick Riordan\', \'Noura Books\', \'\', \'\', \'6\', \'1\', \'\', \'Novel Fantasi\', \'\', \'978-623-242-412-8\')')
 3 SYSTEMPATH\Database\BaseBuilder.php(2345): CodeIgniter\Database\BaseConnection->query('INSERT INTO `buku` (`sampul`, `judul_buku`, `pengarang`, `penerbit`, `kota`, `tahun_terbit`, `jilid`, `jumlah_buku`, `harga_satuan`, `katalog`, `jumlah_halaman`, `isbn`) VALUES (:sampul:, :judul_buku:, :pengarang:, :penerbit:, :kota:, :tahun_terbit:, :jilid:, :jumlah_buku:, :harga_satuan:, :katalog:, :jumlah_halaman:, :isbn:)', [...], false)
 4 APPPATH\Models\BukuModel.php(15): CodeIgniter\Database\BaseBuilder->insert([...])
 5 APPPATH\Controllers\Home.php(187): App\Models\BukuModel->insertBuku([...])
 6 SYSTEMPATH\CodeIgniter.php(933): App\Controllers\Home->tambah_buku()
 7 SYSTEMPATH\CodeIgniter.php(507): CodeIgniter\CodeIgniter->runController(Object(App\Controllers\Home))
 8 SYSTEMPATH\CodeIgniter.php(354): CodeIgniter\CodeIgniter->handleRequest(null, Object(Config\Cache), false)
 9 SYSTEMPATH\Boot.php(363): CodeIgniter\CodeIgniter->run()
10 SYSTEMPATH\Boot.php(68): CodeIgniter\Boot::runCodeIgniter(Object(CodeIgniter\CodeIgniter))
11 FCPATH\index.php(59): CodeIgniter\Boot::bootWeb(Object(Config\Paths))
CRITICAL - 2025-08-24 12:17:30 --> [Caused by] mysqli_sql_exception: Column 'judul_buku' cannot be null
in SYSTEMPATH\Database\MySQLi\Connection.php on line 327.
 1 SYSTEMPATH\Database\MySQLi\Connection.php(327): mysqli->query('INSERT INTO `buku` (`sampul`, `judul_buku`, `pengarang`, `penerbit`, `kota`, `tahun_terbit`, `jilid`, `jumlah_buku`, `harga_satuan`, `katalog`, `jumlah_halaman`, `isbn`) VALUES (NULL, NULL, \'Rick Riordan\', \'Noura Books\', \'\', \'\', \'6\', \'1\', \'\', \'Novel Fantasi\', \'\', \'978-623-242-412-8\')', 0)
 2 SYSTEMPATH\Database\BaseConnection.php(729): CodeIgniter\Database\MySQLi\Connection->execute('INSERT INTO `buku` (`sampul`, `judul_buku`, `pengarang`, `penerbit`, `kota`, `tahun_terbit`, `jilid`, `jumlah_buku`, `harga_satuan`, `katalog`, `jumlah_halaman`, `isbn`) VALUES (NULL, NULL, \'Rick Riordan\', \'Noura Books\', \'\', \'\', \'6\', \'1\', \'\', \'Novel Fantasi\', \'\', \'978-623-242-412-8\')')
 3 SYSTEMPATH\Database\BaseConnection.php(646): CodeIgniter\Database\BaseConnection->simpleQuery('INSERT INTO `buku` (`sampul`, `judul_buku`, `pengarang`, `penerbit`, `kota`, `tahun_terbit`, `jilid`, `jumlah_buku`, `harga_satuan`, `katalog`, `jumlah_halaman`, `isbn`) VALUES (NULL, NULL, \'Rick Riordan\', \'Noura Books\', \'\', \'\', \'6\', \'1\', \'\', \'Novel Fantasi\', \'\', \'978-623-242-412-8\')')
 4 SYSTEMPATH\Database\BaseBuilder.php(2345): CodeIgniter\Database\BaseConnection->query('INSERT INTO `buku` (`sampul`, `judul_buku`, `pengarang`, `penerbit`, `kota`, `tahun_terbit`, `jilid`, `jumlah_buku`, `harga_satuan`, `katalog`, `jumlah_halaman`, `isbn`) VALUES (:sampul:, :judul_buku:, :pengarang:, :penerbit:, :kota:, :tahun_terbit:, :jilid:, :jumlah_buku:, :harga_satuan:, :katalog:, :jumlah_halaman:, :isbn:)', [...], false)
 5 APPPATH\Models\BukuModel.php(15): CodeIgniter\Database\BaseBuilder->insert([...])
 6 APPPATH\Controllers\Home.php(187): App\Models\BukuModel->insertBuku([...])
 7 SYSTEMPATH\CodeIgniter.php(933): App\Controllers\Home->tambah_buku()
 8 SYSTEMPATH\CodeIgniter.php(507): CodeIgniter\CodeIgniter->runController(Object(App\Controllers\Home))
 9 SYSTEMPATH\CodeIgniter.php(354): CodeIgniter\CodeIgniter->handleRequest(null, Object(Config\Cache), false)
10 SYSTEMPATH\Boot.php(363): CodeIgniter\CodeIgniter->run()
11 SYSTEMPATH\Boot.php(68): CodeIgniter\Boot::runCodeIgniter(Object(CodeIgniter\CodeIgniter))
12 FCPATH\index.php(59): CodeIgniter\Boot::bootWeb(Object(Config\Paths))
DEBUG - 2025-08-24 12:23:31 --> Session: Class initialized using 'CodeIgniter\Session\Handlers\FileHandler' driver.
ERROR - 2025-08-24 12:23:31 --> mysqli_sql_exception: Column 'judul_buku' cannot be null in C:\laragon\www\ci4\system\Database\MySQLi\Connection.php:327
Stack trace:
#0 C:\laragon\www\ci4\system\Database\MySQLi\Connection.php(327): mysqli->query('INSERT INTO `bu...', 0)
#1 C:\laragon\www\ci4\system\Database\BaseConnection.php(729): CodeIgniter\Database\MySQLi\Connection->execute('INSERT INTO `bu...')
#2 C:\laragon\www\ci4\system\Database\BaseConnection.php(646): CodeIgniter\Database\BaseConnection->simpleQuery('INSERT INTO `bu...')
#3 C:\laragon\www\ci4\system\Database\BaseBuilder.php(2345): CodeIgniter\Database\BaseConnection->query('INSERT INTO `bu...', Array, false)
#4 C:\laragon\www\ci4\app\Models\BukuModel.php(15): CodeIgniter\Database\BaseBuilder->insert(Array)
#5 C:\laragon\www\ci4\app\Controllers\Home.php(187): App\Models\BukuModel->insertBuku(Array)
#6 C:\laragon\www\ci4\system\CodeIgniter.php(933): App\Controllers\Home->tambah_buku()
#7 C:\laragon\www\ci4\system\CodeIgniter.php(507): CodeIgniter\CodeIgniter->runController(Object(App\Controllers\Home))
#8 C:\laragon\www\ci4\system\CodeIgniter.php(354): CodeIgniter\CodeIgniter->handleRequest(NULL, Object(Config\Cache), false)
#9 C:\laragon\www\ci4\system\Boot.php(363): CodeIgniter\CodeIgniter->run()
#10 C:\laragon\www\ci4\system\Boot.php(68): CodeIgniter\Boot::runCodeIgniter(Object(CodeIgniter\CodeIgniter))
#11 C:\laragon\www\ci4\public\index.php(59): CodeIgniter\Boot::bootWeb(Object(Config\Paths))
#12 {main}
CRITICAL - 2025-08-24 12:23:31 --> CodeIgniter\Database\Exceptions\DatabaseException: Column 'judul_buku' cannot be null
[Method: POST, Route: home/tambah_buku]
in SYSTEMPATH\Database\BaseConnection.php on line 684.
 1 SYSTEMPATH\Database\BaseBuilder.php(2345): CodeIgniter\Database\BaseConnection->query('INSERT INTO `buku` (`sampul`, `judul_buku`, `pengarang`, `penerbit`, `kota`, `tahun_terbit`, `jilid`, `jumlah_buku`, `harga_satuan`, `katalog`, `jumlah_halaman`, `isbn`) VALUES (:sampul:, :judul_buku:, :pengarang:, :penerbit:, :kota:, :tahun_terbit:, :jilid:, :jumlah_buku:, :harga_satuan:, :katalog:, :jumlah_halaman:, :isbn:)', [...], false)
 2 APPPATH\Models\BukuModel.php(15): CodeIgniter\Database\BaseBuilder->insert([...])
 3 APPPATH\Controllers\Home.php(187): App\Models\BukuModel->insertBuku([...])
 4 SYSTEMPATH\CodeIgniter.php(933): App\Controllers\Home->tambah_buku()
 5 SYSTEMPATH\CodeIgniter.php(507): CodeIgniter\CodeIgniter->runController(Object(App\Controllers\Home))
 6 SYSTEMPATH\CodeIgniter.php(354): CodeIgniter\CodeIgniter->handleRequest(null, Object(Config\Cache), false)
 7 SYSTEMPATH\Boot.php(363): CodeIgniter\CodeIgniter->run()
 8 SYSTEMPATH\Boot.php(68): CodeIgniter\Boot::runCodeIgniter(Object(CodeIgniter\CodeIgniter))
 9 FCPATH\index.php(59): CodeIgniter\Boot::bootWeb(Object(Config\Paths))
CRITICAL - 2025-08-24 12:23:31 --> [Caused by] CodeIgniter\Database\Exceptions\DatabaseException: Column 'judul_buku' cannot be null
in SYSTEMPATH\Database\MySQLi\Connection.php on line 332.
 1 SYSTEMPATH\Database\BaseConnection.php(729): CodeIgniter\Database\MySQLi\Connection->execute('INSERT INTO `buku` (`sampul`, `judul_buku`, `pengarang`, `penerbit`, `kota`, `tahun_terbit`, `jilid`, `jumlah_buku`, `harga_satuan`, `katalog`, `jumlah_halaman`, `isbn`) VALUES (NULL, NULL, \'Rick Riordan\', \'Noura Books\', \'\', \'\', \'6\', \'1\', \'\', \'Novel Fantasi\', \'\', \'978-623-242-412-8\')')
 2 SYSTEMPATH\Database\BaseConnection.php(646): CodeIgniter\Database\BaseConnection->simpleQuery('INSERT INTO `buku` (`sampul`, `judul_buku`, `pengarang`, `penerbit`, `kota`, `tahun_terbit`, `jilid`, `jumlah_buku`, `harga_satuan`, `katalog`, `jumlah_halaman`, `isbn`) VALUES (NULL, NULL, \'Rick Riordan\', \'Noura Books\', \'\', \'\', \'6\', \'1\', \'\', \'Novel Fantasi\', \'\', \'978-623-242-412-8\')')
 3 SYSTEMPATH\Database\BaseBuilder.php(2345): CodeIgniter\Database\BaseConnection->query('INSERT INTO `buku` (`sampul`, `judul_buku`, `pengarang`, `penerbit`, `kota`, `tahun_terbit`, `jilid`, `jumlah_buku`, `harga_satuan`, `katalog`, `jumlah_halaman`, `isbn`) VALUES (:sampul:, :judul_buku:, :pengarang:, :penerbit:, :kota:, :tahun_terbit:, :jilid:, :jumlah_buku:, :harga_satuan:, :katalog:, :jumlah_halaman:, :isbn:)', [...], false)
 4 APPPATH\Models\BukuModel.php(15): CodeIgniter\Database\BaseBuilder->insert([...])
 5 APPPATH\Controllers\Home.php(187): App\Models\BukuModel->insertBuku([...])
 6 SYSTEMPATH\CodeIgniter.php(933): App\Controllers\Home->tambah_buku()
 7 SYSTEMPATH\CodeIgniter.php(507): CodeIgniter\CodeIgniter->runController(Object(App\Controllers\Home))
 8 SYSTEMPATH\CodeIgniter.php(354): CodeIgniter\CodeIgniter->handleRequest(null, Object(Config\Cache), false)
 9 SYSTEMPATH\Boot.php(363): CodeIgniter\CodeIgniter->run()
10 SYSTEMPATH\Boot.php(68): CodeIgniter\Boot::runCodeIgniter(Object(CodeIgniter\CodeIgniter))
11 FCPATH\index.php(59): CodeIgniter\Boot::bootWeb(Object(Config\Paths))
CRITICAL - 2025-08-24 12:23:31 --> [Caused by] mysqli_sql_exception: Column 'judul_buku' cannot be null
in SYSTEMPATH\Database\MySQLi\Connection.php on line 327.
 1 SYSTEMPATH\Database\MySQLi\Connection.php(327): mysqli->query('INSERT INTO `buku` (`sampul`, `judul_buku`, `pengarang`, `penerbit`, `kota`, `tahun_terbit`, `jilid`, `jumlah_buku`, `harga_satuan`, `katalog`, `jumlah_halaman`, `isbn`) VALUES (NULL, NULL, \'Rick Riordan\', \'Noura Books\', \'\', \'\', \'6\', \'1\', \'\', \'Novel Fantasi\', \'\', \'978-623-242-412-8\')', 0)
 2 SYSTEMPATH\Database\BaseConnection.php(729): CodeIgniter\Database\MySQLi\Connection->execute('INSERT INTO `buku` (`sampul`, `judul_buku`, `pengarang`, `penerbit`, `kota`, `tahun_terbit`, `jilid`, `jumlah_buku`, `harga_satuan`, `katalog`, `jumlah_halaman`, `isbn`) VALUES (NULL, NULL, \'Rick Riordan\', \'Noura Books\', \'\', \'\', \'6\', \'1\', \'\', \'Novel Fantasi\', \'\', \'978-623-242-412-8\')')
 3 SYSTEMPATH\Database\BaseConnection.php(646): CodeIgniter\Database\BaseConnection->simpleQuery('INSERT INTO `buku` (`sampul`, `judul_buku`, `pengarang`, `penerbit`, `kota`, `tahun_terbit`, `jilid`, `jumlah_buku`, `harga_satuan`, `katalog`, `jumlah_halaman`, `isbn`) VALUES (NULL, NULL, \'Rick Riordan\', \'Noura Books\', \'\', \'\', \'6\', \'1\', \'\', \'Novel Fantasi\', \'\', \'978-623-242-412-8\')')
 4 SYSTEMPATH\Database\BaseBuilder.php(2345): CodeIgniter\Database\BaseConnection->query('INSERT INTO `buku` (`sampul`, `judul_buku`, `pengarang`, `penerbit`, `kota`, `tahun_terbit`, `jilid`, `jumlah_buku`, `harga_satuan`, `katalog`, `jumlah_halaman`, `isbn`) VALUES (:sampul:, :judul_buku:, :pengarang:, :penerbit:, :kota:, :tahun_terbit:, :jilid:, :jumlah_buku:, :harga_satuan:, :katalog:, :jumlah_halaman:, :isbn:)', [...], false)
 5 APPPATH\Models\BukuModel.php(15): CodeIgniter\Database\BaseBuilder->insert([...])
 6 APPPATH\Controllers\Home.php(187): App\Models\BukuModel->insertBuku([...])
 7 SYSTEMPATH\CodeIgniter.php(933): App\Controllers\Home->tambah_buku()
 8 SYSTEMPATH\CodeIgniter.php(507): CodeIgniter\CodeIgniter->runController(Object(App\Controllers\Home))
 9 SYSTEMPATH\CodeIgniter.php(354): CodeIgniter\CodeIgniter->handleRequest(null, Object(Config\Cache), false)
10 SYSTEMPATH\Boot.php(363): CodeIgniter\CodeIgniter->run()
11 SYSTEMPATH\Boot.php(68): CodeIgniter\Boot::runCodeIgniter(Object(CodeIgniter\CodeIgniter))
12 FCPATH\index.php(59): CodeIgniter\Boot::bootWeb(Object(Config\Paths))
DEBUG - 2025-08-24 12:23:34 --> Session: Class initialized using 'CodeIgniter\Session\Handlers\FileHandler' driver.
DEBUG - 2025-08-24 12:23:49 --> Session: Class initialized using 'CodeIgniter\Session\Handlers\FileHandler' driver.
ERROR - 2025-08-24 12:23:49 --> mysqli_sql_exception: Column 'judul_buku' cannot be null in C:\laragon\www\ci4\system\Database\MySQLi\Connection.php:327
Stack trace:
#0 C:\laragon\www\ci4\system\Database\MySQLi\Connection.php(327): mysqli->query('INSERT INTO `bu...', 0)
#1 C:\laragon\www\ci4\system\Database\BaseConnection.php(729): CodeIgniter\Database\MySQLi\Connection->execute('INSERT INTO `bu...')
#2 C:\laragon\www\ci4\system\Database\BaseConnection.php(646): CodeIgniter\Database\BaseConnection->simpleQuery('INSERT INTO `bu...')
#3 C:\laragon\www\ci4\system\Database\BaseBuilder.php(2345): CodeIgniter\Database\BaseConnection->query('INSERT INTO `bu...', Array, false)
#4 C:\laragon\www\ci4\app\Models\BukuModel.php(15): CodeIgniter\Database\BaseBuilder->insert(Array)
#5 C:\laragon\www\ci4\app\Controllers\Home.php(187): App\Models\BukuModel->insertBuku(Array)
#6 C:\laragon\www\ci4\system\CodeIgniter.php(933): App\Controllers\Home->tambah_buku()
#7 C:\laragon\www\ci4\system\CodeIgniter.php(507): CodeIgniter\CodeIgniter->runController(Object(App\Controllers\Home))
#8 C:\laragon\www\ci4\system\CodeIgniter.php(354): CodeIgniter\CodeIgniter->handleRequest(NULL, Object(Config\Cache), false)
#9 C:\laragon\www\ci4\system\Boot.php(363): CodeIgniter\CodeIgniter->run()
#10 C:\laragon\www\ci4\system\Boot.php(68): CodeIgniter\Boot::runCodeIgniter(Object(CodeIgniter\CodeIgniter))
#11 C:\laragon\www\ci4\public\index.php(59): CodeIgniter\Boot::bootWeb(Object(Config\Paths))
#12 {main}
CRITICAL - 2025-08-24 12:23:49 --> CodeIgniter\Database\Exceptions\DatabaseException: Column 'judul_buku' cannot be null
[Method: POST, Route: home/tambah_buku]
in SYSTEMPATH\Database\BaseConnection.php on line 684.
 1 SYSTEMPATH\Database\BaseBuilder.php(2345): CodeIgniter\Database\BaseConnection->query('INSERT INTO `buku` (`sampul`, `judul_buku`, `pengarang`, `penerbit`, `kota`, `tahun_terbit`, `jilid`, `jumlah_buku`, `harga_satuan`, `katalog`, `jumlah_halaman`, `isbn`) VALUES (:sampul:, :judul_buku:, :pengarang:, :penerbit:, :kota:, :tahun_terbit:, :jilid:, :jumlah_buku:, :harga_satuan:, :katalog:, :jumlah_halaman:, :isbn:)', [...], false)
 2 APPPATH\Models\BukuModel.php(15): CodeIgniter\Database\BaseBuilder->insert([...])
 3 APPPATH\Controllers\Home.php(187): App\Models\BukuModel->insertBuku([...])
 4 SYSTEMPATH\CodeIgniter.php(933): App\Controllers\Home->tambah_buku()
 5 SYSTEMPATH\CodeIgniter.php(507): CodeIgniter\CodeIgniter->runController(Object(App\Controllers\Home))
 6 SYSTEMPATH\CodeIgniter.php(354): CodeIgniter\CodeIgniter->handleRequest(null, Object(Config\Cache), false)
 7 SYSTEMPATH\Boot.php(363): CodeIgniter\CodeIgniter->run()
 8 SYSTEMPATH\Boot.php(68): CodeIgniter\Boot::runCodeIgniter(Object(CodeIgniter\CodeIgniter))
 9 FCPATH\index.php(59): CodeIgniter\Boot::bootWeb(Object(Config\Paths))
CRITICAL - 2025-08-24 12:23:49 --> [Caused by] CodeIgniter\Database\Exceptions\DatabaseException: Column 'judul_buku' cannot be null
in SYSTEMPATH\Database\MySQLi\Connection.php on line 332.
 1 SYSTEMPATH\Database\BaseConnection.php(729): CodeIgniter\Database\MySQLi\Connection->execute('INSERT INTO `buku` (`sampul`, `judul_buku`, `pengarang`, `penerbit`, `kota`, `tahun_terbit`, `jilid`, `jumlah_buku`, `harga_satuan`, `katalog`, `jumlah_halaman`, `isbn`) VALUES (NULL, NULL, \'Rick Riordan\', \'Noura Books\', \'\', \'\', \'6\', \'1\', \'\', \'Novel Fantasi\', \'\', \'978-623-242-412-8\')')
 2 SYSTEMPATH\Database\BaseConnection.php(646): CodeIgniter\Database\BaseConnection->simpleQuery('INSERT INTO `buku` (`sampul`, `judul_buku`, `pengarang`, `penerbit`, `kota`, `tahun_terbit`, `jilid`, `jumlah_buku`, `harga_satuan`, `katalog`, `jumlah_halaman`, `isbn`) VALUES (NULL, NULL, \'Rick Riordan\', \'Noura Books\', \'\', \'\', \'6\', \'1\', \'\', \'Novel Fantasi\', \'\', \'978-623-242-412-8\')')
 3 SYSTEMPATH\Database\BaseBuilder.php(2345): CodeIgniter\Database\BaseConnection->query('INSERT INTO `buku` (`sampul`, `judul_buku`, `pengarang`, `penerbit`, `kota`, `tahun_terbit`, `jilid`, `jumlah_buku`, `harga_satuan`, `katalog`, `jumlah_halaman`, `isbn`) VALUES (:sampul:, :judul_buku:, :pengarang:, :penerbit:, :kota:, :tahun_terbit:, :jilid:, :jumlah_buku:, :harga_satuan:, :katalog:, :jumlah_halaman:, :isbn:)', [...], false)
 4 APPPATH\Models\BukuModel.php(15): CodeIgniter\Database\BaseBuilder->insert([...])
 5 APPPATH\Controllers\Home.php(187): App\Models\BukuModel->insertBuku([...])
 6 SYSTEMPATH\CodeIgniter.php(933): App\Controllers\Home->tambah_buku()
 7 SYSTEMPATH\CodeIgniter.php(507): CodeIgniter\CodeIgniter->runController(Object(App\Controllers\Home))
 8 SYSTEMPATH\CodeIgniter.php(354): CodeIgniter\CodeIgniter->handleRequest(null, Object(Config\Cache), false)
 9 SYSTEMPATH\Boot.php(363): CodeIgniter\CodeIgniter->run()
10 SYSTEMPATH\Boot.php(68): CodeIgniter\Boot::runCodeIgniter(Object(CodeIgniter\CodeIgniter))
11 FCPATH\index.php(59): CodeIgniter\Boot::bootWeb(Object(Config\Paths))
CRITICAL - 2025-08-24 12:23:49 --> [Caused by] mysqli_sql_exception: Column 'judul_buku' cannot be null
in SYSTEMPATH\Database\MySQLi\Connection.php on line 327.
 1 SYSTEMPATH\Database\MySQLi\Connection.php(327): mysqli->query('INSERT INTO `buku` (`sampul`, `judul_buku`, `pengarang`, `penerbit`, `kota`, `tahun_terbit`, `jilid`, `jumlah_buku`, `harga_satuan`, `katalog`, `jumlah_halaman`, `isbn`) VALUES (NULL, NULL, \'Rick Riordan\', \'Noura Books\', \'\', \'\', \'6\', \'1\', \'\', \'Novel Fantasi\', \'\', \'978-623-242-412-8\')', 0)
 2 SYSTEMPATH\Database\BaseConnection.php(729): CodeIgniter\Database\MySQLi\Connection->execute('INSERT INTO `buku` (`sampul`, `judul_buku`, `pengarang`, `penerbit`, `kota`, `tahun_terbit`, `jilid`, `jumlah_buku`, `harga_satuan`, `katalog`, `jumlah_halaman`, `isbn`) VALUES (NULL, NULL, \'Rick Riordan\', \'Noura Books\', \'\', \'\', \'6\', \'1\', \'\', \'Novel Fantasi\', \'\', \'978-623-242-412-8\')')
 3 SYSTEMPATH\Database\BaseConnection.php(646): CodeIgniter\Database\BaseConnection->simpleQuery('INSERT INTO `buku` (`sampul`, `judul_buku`, `pengarang`, `penerbit`, `kota`, `tahun_terbit`, `jilid`, `jumlah_buku`, `harga_satuan`, `katalog`, `jumlah_halaman`, `isbn`) VALUES (NULL, NULL, \'Rick Riordan\', \'Noura Books\', \'\', \'\', \'6\', \'1\', \'\', \'Novel Fantasi\', \'\', \'978-623-242-412-8\')')
 4 SYSTEMPATH\Database\BaseBuilder.php(2345): CodeIgniter\Database\BaseConnection->query('INSERT INTO `buku` (`sampul`, `judul_buku`, `pengarang`, `penerbit`, `kota`, `tahun_terbit`, `jilid`, `jumlah_buku`, `harga_satuan`, `katalog`, `jumlah_halaman`, `isbn`) VALUES (:sampul:, :judul_buku:, :pengarang:, :penerbit:, :kota:, :tahun_terbit:, :jilid:, :jumlah_buku:, :harga_satuan:, :katalog:, :jumlah_halaman:, :isbn:)', [...], false)
 5 APPPATH\Models\BukuModel.php(15): CodeIgniter\Database\BaseBuilder->insert([...])
 6 APPPATH\Controllers\Home.php(187): App\Models\BukuModel->insertBuku([...])
 7 SYSTEMPATH\CodeIgniter.php(933): App\Controllers\Home->tambah_buku()
 8 SYSTEMPATH\CodeIgniter.php(507): CodeIgniter\CodeIgniter->runController(Object(App\Controllers\Home))
 9 SYSTEMPATH\CodeIgniter.php(354): CodeIgniter\CodeIgniter->handleRequest(null, Object(Config\Cache), false)
10 SYSTEMPATH\Boot.php(363): CodeIgniter\CodeIgniter->run()
11 SYSTEMPATH\Boot.php(68): CodeIgniter\Boot::runCodeIgniter(Object(CodeIgniter\CodeIgniter))
12 FCPATH\index.php(59): CodeIgniter\Boot::bootWeb(Object(Config\Paths))
DEBUG - 2025-08-24 12:25:48 --> Session: Class initialized using 'CodeIgniter\Session\Handlers\FileHandler' driver.
ERROR - 2025-08-24 12:25:48 --> mysqli_sql_exception: Column 'judul_buku' cannot be null in C:\laragon\www\ci4\system\Database\MySQLi\Connection.php:327
Stack trace:
#0 C:\laragon\www\ci4\system\Database\MySQLi\Connection.php(327): mysqli->query('INSERT INTO `bu...', 0)
#1 C:\laragon\www\ci4\system\Database\BaseConnection.php(729): CodeIgniter\Database\MySQLi\Connection->execute('INSERT INTO `bu...')
#2 C:\laragon\www\ci4\system\Database\BaseConnection.php(646): CodeIgniter\Database\BaseConnection->simpleQuery('INSERT INTO `bu...')
#3 C:\laragon\www\ci4\system\Database\BaseBuilder.php(2345): CodeIgniter\Database\BaseConnection->query('INSERT INTO `bu...', Array, false)
#4 C:\laragon\www\ci4\app\Models\BukuModel.php(15): CodeIgniter\Database\BaseBuilder->insert(Array)
#5 C:\laragon\www\ci4\app\Controllers\Home.php(187): App\Models\BukuModel->insertBuku(Array)
#6 C:\laragon\www\ci4\system\CodeIgniter.php(933): App\Controllers\Home->tambah_buku()
#7 C:\laragon\www\ci4\system\CodeIgniter.php(507): CodeIgniter\CodeIgniter->runController(Object(App\Controllers\Home))
#8 C:\laragon\www\ci4\system\CodeIgniter.php(354): CodeIgniter\CodeIgniter->handleRequest(NULL, Object(Config\Cache), false)
#9 C:\laragon\www\ci4\system\Boot.php(363): CodeIgniter\CodeIgniter->run()
#10 C:\laragon\www\ci4\system\Boot.php(68): CodeIgniter\Boot::runCodeIgniter(Object(CodeIgniter\CodeIgniter))
#11 C:\laragon\www\ci4\public\index.php(59): CodeIgniter\Boot::bootWeb(Object(Config\Paths))
#12 {main}
CRITICAL - 2025-08-24 12:25:48 --> CodeIgniter\Database\Exceptions\DatabaseException: Column 'judul_buku' cannot be null
[Method: POST, Route: home/tambah_buku]
in SYSTEMPATH\Database\BaseConnection.php on line 684.
 1 SYSTEMPATH\Database\BaseBuilder.php(2345): CodeIgniter\Database\BaseConnection->query('INSERT INTO `buku` (`sampul`, `judul_buku`, `pengarang`, `penerbit`, `kota`, `tahun_terbit`, `jilid`, `jumlah_buku`, `harga_satuan`, `katalog`, `jumlah_halaman`, `isbn`) VALUES (:sampul:, :judul_buku:, :pengarang:, :penerbit:, :kota:, :tahun_terbit:, :jilid:, :jumlah_buku:, :harga_satuan:, :katalog:, :jumlah_halaman:, :isbn:)', [...], false)
 2 APPPATH\Models\BukuModel.php(15): CodeIgniter\Database\BaseBuilder->insert([...])
 3 APPPATH\Controllers\Home.php(187): App\Models\BukuModel->insertBuku([...])
 4 SYSTEMPATH\CodeIgniter.php(933): App\Controllers\Home->tambah_buku()
 5 SYSTEMPATH\CodeIgniter.php(507): CodeIgniter\CodeIgniter->runController(Object(App\Controllers\Home))
 6 SYSTEMPATH\CodeIgniter.php(354): CodeIgniter\CodeIgniter->handleRequest(null, Object(Config\Cache), false)
 7 SYSTEMPATH\Boot.php(363): CodeIgniter\CodeIgniter->run()
 8 SYSTEMPATH\Boot.php(68): CodeIgniter\Boot::runCodeIgniter(Object(CodeIgniter\CodeIgniter))
 9 FCPATH\index.php(59): CodeIgniter\Boot::bootWeb(Object(Config\Paths))
CRITICAL - 2025-08-24 12:25:48 --> [Caused by] CodeIgniter\Database\Exceptions\DatabaseException: Column 'judul_buku' cannot be null
in SYSTEMPATH\Database\MySQLi\Connection.php on line 332.
 1 SYSTEMPATH\Database\BaseConnection.php(729): CodeIgniter\Database\MySQLi\Connection->execute('INSERT INTO `buku` (`sampul`, `judul_buku`, `pengarang`, `penerbit`, `kota`, `tahun_terbit`, `jilid`, `jumlah_buku`, `harga_satuan`, `katalog`, `jumlah_halaman`, `isbn`) VALUES (NULL, NULL, \'Rick Riordan\', \'Noura Books\', \'\', \'\', \'6\', \'1\', \'\', \'Novel Fantasi\', \'\', \'978-623-242-412-8\')')
 2 SYSTEMPATH\Database\BaseConnection.php(646): CodeIgniter\Database\BaseConnection->simpleQuery('INSERT INTO `buku` (`sampul`, `judul_buku`, `pengarang`, `penerbit`, `kota`, `tahun_terbit`, `jilid`, `jumlah_buku`, `harga_satuan`, `katalog`, `jumlah_halaman`, `isbn`) VALUES (NULL, NULL, \'Rick Riordan\', \'Noura Books\', \'\', \'\', \'6\', \'1\', \'\', \'Novel Fantasi\', \'\', \'978-623-242-412-8\')')
 3 SYSTEMPATH\Database\BaseBuilder.php(2345): CodeIgniter\Database\BaseConnection->query('INSERT INTO `buku` (`sampul`, `judul_buku`, `pengarang`, `penerbit`, `kota`, `tahun_terbit`, `jilid`, `jumlah_buku`, `harga_satuan`, `katalog`, `jumlah_halaman`, `isbn`) VALUES (:sampul:, :judul_buku:, :pengarang:, :penerbit:, :kota:, :tahun_terbit:, :jilid:, :jumlah_buku:, :harga_satuan:, :katalog:, :jumlah_halaman:, :isbn:)', [...], false)
 4 APPPATH\Models\BukuModel.php(15): CodeIgniter\Database\BaseBuilder->insert([...])
 5 APPPATH\Controllers\Home.php(187): App\Models\BukuModel->insertBuku([...])
 6 SYSTEMPATH\CodeIgniter.php(933): App\Controllers\Home->tambah_buku()
 7 SYSTEMPATH\CodeIgniter.php(507): CodeIgniter\CodeIgniter->runController(Object(App\Controllers\Home))
 8 SYSTEMPATH\CodeIgniter.php(354): CodeIgniter\CodeIgniter->handleRequest(null, Object(Config\Cache), false)
 9 SYSTEMPATH\Boot.php(363): CodeIgniter\CodeIgniter->run()
10 SYSTEMPATH\Boot.php(68): CodeIgniter\Boot::runCodeIgniter(Object(CodeIgniter\CodeIgniter))
11 FCPATH\index.php(59): CodeIgniter\Boot::bootWeb(Object(Config\Paths))
CRITICAL - 2025-08-24 12:25:48 --> [Caused by] mysqli_sql_exception: Column 'judul_buku' cannot be null
in SYSTEMPATH\Database\MySQLi\Connection.php on line 327.
 1 SYSTEMPATH\Database\MySQLi\Connection.php(327): mysqli->query('INSERT INTO `buku` (`sampul`, `judul_buku`, `pengarang`, `penerbit`, `kota`, `tahun_terbit`, `jilid`, `jumlah_buku`, `harga_satuan`, `katalog`, `jumlah_halaman`, `isbn`) VALUES (NULL, NULL, \'Rick Riordan\', \'Noura Books\', \'\', \'\', \'6\', \'1\', \'\', \'Novel Fantasi\', \'\', \'978-623-242-412-8\')', 0)
 2 SYSTEMPATH\Database\BaseConnection.php(729): CodeIgniter\Database\MySQLi\Connection->execute('INSERT INTO `buku` (`sampul`, `judul_buku`, `pengarang`, `penerbit`, `kota`, `tahun_terbit`, `jilid`, `jumlah_buku`, `harga_satuan`, `katalog`, `jumlah_halaman`, `isbn`) VALUES (NULL, NULL, \'Rick Riordan\', \'Noura Books\', \'\', \'\', \'6\', \'1\', \'\', \'Novel Fantasi\', \'\', \'978-623-242-412-8\')')
 3 SYSTEMPATH\Database\BaseConnection.php(646): CodeIgniter\Database\BaseConnection->simpleQuery('INSERT INTO `buku` (`sampul`, `judul_buku`, `pengarang`, `penerbit`, `kota`, `tahun_terbit`, `jilid`, `jumlah_buku`, `harga_satuan`, `katalog`, `jumlah_halaman`, `isbn`) VALUES (NULL, NULL, \'Rick Riordan\', \'Noura Books\', \'\', \'\', \'6\', \'1\', \'\', \'Novel Fantasi\', \'\', \'978-623-242-412-8\')')
 4 SYSTEMPATH\Database\BaseBuilder.php(2345): CodeIgniter\Database\BaseConnection->query('INSERT INTO `buku` (`sampul`, `judul_buku`, `pengarang`, `penerbit`, `kota`, `tahun_terbit`, `jilid`, `jumlah_buku`, `harga_satuan`, `katalog`, `jumlah_halaman`, `isbn`) VALUES (:sampul:, :judul_buku:, :pengarang:, :penerbit:, :kota:, :tahun_terbit:, :jilid:, :jumlah_buku:, :harga_satuan:, :katalog:, :jumlah_halaman:, :isbn:)', [...], false)
 5 APPPATH\Models\BukuModel.php(15): CodeIgniter\Database\BaseBuilder->insert([...])
 6 APPPATH\Controllers\Home.php(187): App\Models\BukuModel->insertBuku([...])
 7 SYSTEMPATH\CodeIgniter.php(933): App\Controllers\Home->tambah_buku()
 8 SYSTEMPATH\CodeIgniter.php(507): CodeIgniter\CodeIgniter->runController(Object(App\Controllers\Home))
 9 SYSTEMPATH\CodeIgniter.php(354): CodeIgniter\CodeIgniter->handleRequest(null, Object(Config\Cache), false)
10 SYSTEMPATH\Boot.php(363): CodeIgniter\CodeIgniter->run()
11 SYSTEMPATH\Boot.php(68): CodeIgniter\Boot::runCodeIgniter(Object(CodeIgniter\CodeIgniter))
12 FCPATH\index.php(59): CodeIgniter\Boot::bootWeb(Object(Config\Paths))
DEBUG - 2025-08-24 12:26:23 --> Session: Class initialized using 'CodeIgniter\Session\Handlers\FileHandler' driver.
ERROR - 2025-08-24 12:26:23 --> mysqli_sql_exception: Column 'judul_buku' cannot be null in C:\laragon\www\ci4\system\Database\MySQLi\Connection.php:327
Stack trace:
#0 C:\laragon\www\ci4\system\Database\MySQLi\Connection.php(327): mysqli->query('INSERT INTO `bu...', 0)
#1 C:\laragon\www\ci4\system\Database\BaseConnection.php(729): CodeIgniter\Database\MySQLi\Connection->execute('INSERT INTO `bu...')
#2 C:\laragon\www\ci4\system\Database\BaseConnection.php(646): CodeIgniter\Database\BaseConnection->simpleQuery('INSERT INTO `bu...')
#3 C:\laragon\www\ci4\system\Database\BaseBuilder.php(2345): CodeIgniter\Database\BaseConnection->query('INSERT INTO `bu...', Array, false)
#4 C:\laragon\www\ci4\app\Models\BukuModel.php(15): CodeIgniter\Database\BaseBuilder->insert(Array)
#5 C:\laragon\www\ci4\app\Controllers\Home.php(187): App\Models\BukuModel->insertBuku(Array)
#6 C:\laragon\www\ci4\system\CodeIgniter.php(933): App\Controllers\Home->tambah_buku()
#7 C:\laragon\www\ci4\system\CodeIgniter.php(507): CodeIgniter\CodeIgniter->runController(Object(App\Controllers\Home))
#8 C:\laragon\www\ci4\system\CodeIgniter.php(354): CodeIgniter\CodeIgniter->handleRequest(NULL, Object(Config\Cache), false)
#9 C:\laragon\www\ci4\system\Boot.php(363): CodeIgniter\CodeIgniter->run()
#10 C:\laragon\www\ci4\system\Boot.php(68): CodeIgniter\Boot::runCodeIgniter(Object(CodeIgniter\CodeIgniter))
#11 C:\laragon\www\ci4\public\index.php(59): CodeIgniter\Boot::bootWeb(Object(Config\Paths))
#12 {main}
CRITICAL - 2025-08-24 12:26:23 --> CodeIgniter\Database\Exceptions\DatabaseException: Column 'judul_buku' cannot be null
[Method: POST, Route: home/tambah_buku]
in SYSTEMPATH\Database\BaseConnection.php on line 684.
 1 SYSTEMPATH\Database\BaseBuilder.php(2345): CodeIgniter\Database\BaseConnection->query('INSERT INTO `buku` (`sampul`, `judul_buku`, `pengarang`, `penerbit`, `kota`, `tahun_terbit`, `jilid`, `jumlah_buku`, `harga_satuan`, `katalog`, `jumlah_halaman`, `isbn`) VALUES (:sampul:, :judul_buku:, :pengarang:, :penerbit:, :kota:, :tahun_terbit:, :jilid:, :jumlah_buku:, :harga_satuan:, :katalog:, :jumlah_halaman:, :isbn:)', [...], false)
 2 APPPATH\Models\BukuModel.php(15): CodeIgniter\Database\BaseBuilder->insert([...])
 3 APPPATH\Controllers\Home.php(187): App\Models\BukuModel->insertBuku([...])
 4 SYSTEMPATH\CodeIgniter.php(933): App\Controllers\Home->tambah_buku()
 5 SYSTEMPATH\CodeIgniter.php(507): CodeIgniter\CodeIgniter->runController(Object(App\Controllers\Home))
 6 SYSTEMPATH\CodeIgniter.php(354): CodeIgniter\CodeIgniter->handleRequest(null, Object(Config\Cache), false)
 7 SYSTEMPATH\Boot.php(363): CodeIgniter\CodeIgniter->run()
 8 SYSTEMPATH\Boot.php(68): CodeIgniter\Boot::runCodeIgniter(Object(CodeIgniter\CodeIgniter))
 9 FCPATH\index.php(59): CodeIgniter\Boot::bootWeb(Object(Config\Paths))
CRITICAL - 2025-08-24 12:26:23 --> [Caused by] CodeIgniter\Database\Exceptions\DatabaseException: Column 'judul_buku' cannot be null
in SYSTEMPATH\Database\MySQLi\Connection.php on line 332.
 1 SYSTEMPATH\Database\BaseConnection.php(729): CodeIgniter\Database\MySQLi\Connection->execute('INSERT INTO `buku` (`sampul`, `judul_buku`, `pengarang`, `penerbit`, `kota`, `tahun_terbit`, `jilid`, `jumlah_buku`, `harga_satuan`, `katalog`, `jumlah_halaman`, `isbn`) VALUES (NULL, NULL, \'Rick Riordan\', \'Noura Books\', \'\', \'\', \'6\', \'1\', \'\', \'Novel Fantasi\', \'\', \'978-623-242-412-8\')')
 2 SYSTEMPATH\Database\BaseConnection.php(646): CodeIgniter\Database\BaseConnection->simpleQuery('INSERT INTO `buku` (`sampul`, `judul_buku`, `pengarang`, `penerbit`, `kota`, `tahun_terbit`, `jilid`, `jumlah_buku`, `harga_satuan`, `katalog`, `jumlah_halaman`, `isbn`) VALUES (NULL, NULL, \'Rick Riordan\', \'Noura Books\', \'\', \'\', \'6\', \'1\', \'\', \'Novel Fantasi\', \'\', \'978-623-242-412-8\')')
 3 SYSTEMPATH\Database\BaseBuilder.php(2345): CodeIgniter\Database\BaseConnection->query('INSERT INTO `buku` (`sampul`, `judul_buku`, `pengarang`, `penerbit`, `kota`, `tahun_terbit`, `jilid`, `jumlah_buku`, `harga_satuan`, `katalog`, `jumlah_halaman`, `isbn`) VALUES (:sampul:, :judul_buku:, :pengarang:, :penerbit:, :kota:, :tahun_terbit:, :jilid:, :jumlah_buku:, :harga_satuan:, :katalog:, :jumlah_halaman:, :isbn:)', [...], false)
 4 APPPATH\Models\BukuModel.php(15): CodeIgniter\Database\BaseBuilder->insert([...])
 5 APPPATH\Controllers\Home.php(187): App\Models\BukuModel->insertBuku([...])
 6 SYSTEMPATH\CodeIgniter.php(933): App\Controllers\Home->tambah_buku()
 7 SYSTEMPATH\CodeIgniter.php(507): CodeIgniter\CodeIgniter->runController(Object(App\Controllers\Home))
 8 SYSTEMPATH\CodeIgniter.php(354): CodeIgniter\CodeIgniter->handleRequest(null, Object(Config\Cache), false)
 9 SYSTEMPATH\Boot.php(363): CodeIgniter\CodeIgniter->run()
10 SYSTEMPATH\Boot.php(68): CodeIgniter\Boot::runCodeIgniter(Object(CodeIgniter\CodeIgniter))
11 FCPATH\index.php(59): CodeIgniter\Boot::bootWeb(Object(Config\Paths))
CRITICAL - 2025-08-24 12:26:23 --> [Caused by] mysqli_sql_exception: Column 'judul_buku' cannot be null
in SYSTEMPATH\Database\MySQLi\Connection.php on line 327.
 1 SYSTEMPATH\Database\MySQLi\Connection.php(327): mysqli->query('INSERT INTO `buku` (`sampul`, `judul_buku`, `pengarang`, `penerbit`, `kota`, `tahun_terbit`, `jilid`, `jumlah_buku`, `harga_satuan`, `katalog`, `jumlah_halaman`, `isbn`) VALUES (NULL, NULL, \'Rick Riordan\', \'Noura Books\', \'\', \'\', \'6\', \'1\', \'\', \'Novel Fantasi\', \'\', \'978-623-242-412-8\')', 0)
 2 SYSTEMPATH\Database\BaseConnection.php(729): CodeIgniter\Database\MySQLi\Connection->execute('INSERT INTO `buku` (`sampul`, `judul_buku`, `pengarang`, `penerbit`, `kota`, `tahun_terbit`, `jilid`, `jumlah_buku`, `harga_satuan`, `katalog`, `jumlah_halaman`, `isbn`) VALUES (NULL, NULL, \'Rick Riordan\', \'Noura Books\', \'\', \'\', \'6\', \'1\', \'\', \'Novel Fantasi\', \'\', \'978-623-242-412-8\')')
 3 SYSTEMPATH\Database\BaseConnection.php(646): CodeIgniter\Database\BaseConnection->simpleQuery('INSERT INTO `buku` (`sampul`, `judul_buku`, `pengarang`, `penerbit`, `kota`, `tahun_terbit`, `jilid`, `jumlah_buku`, `harga_satuan`, `katalog`, `jumlah_halaman`, `isbn`) VALUES (NULL, NULL, \'Rick Riordan\', \'Noura Books\', \'\', \'\', \'6\', \'1\', \'\', \'Novel Fantasi\', \'\', \'978-623-242-412-8\')')
 4 SYSTEMPATH\Database\BaseBuilder.php(2345): CodeIgniter\Database\BaseConnection->query('INSERT INTO `buku` (`sampul`, `judul_buku`, `pengarang`, `penerbit`, `kota`, `tahun_terbit`, `jilid`, `jumlah_buku`, `harga_satuan`, `katalog`, `jumlah_halaman`, `isbn`) VALUES (:sampul:, :judul_buku:, :pengarang:, :penerbit:, :kota:, :tahun_terbit:, :jilid:, :jumlah_buku:, :harga_satuan:, :katalog:, :jumlah_halaman:, :isbn:)', [...], false)
 5 APPPATH\Models\BukuModel.php(15): CodeIgniter\Database\BaseBuilder->insert([...])
 6 APPPATH\Controllers\Home.php(187): App\Models\BukuModel->insertBuku([...])
 7 SYSTEMPATH\CodeIgniter.php(933): App\Controllers\Home->tambah_buku()
 8 SYSTEMPATH\CodeIgniter.php(507): CodeIgniter\CodeIgniter->runController(Object(App\Controllers\Home))
 9 SYSTEMPATH\CodeIgniter.php(354): CodeIgniter\CodeIgniter->handleRequest(null, Object(Config\Cache), false)
10 SYSTEMPATH\Boot.php(363): CodeIgniter\CodeIgniter->run()
11 SYSTEMPATH\Boot.php(68): CodeIgniter\Boot::runCodeIgniter(Object(CodeIgniter\CodeIgniter))
12 FCPATH\index.php(59): CodeIgniter\Boot::bootWeb(Object(Config\Paths))
DEBUG - 2025-08-24 12:26:28 --> Session: Class initialized using 'CodeIgniter\Session\Handlers\FileHandler' driver.
DEBUG - 2025-08-24 12:26:56 --> Session: Class initialized using 'CodeIgniter\Session\Handlers\FileHandler' driver.
DEBUG - 2025-08-24 12:26:57 --> Session: Class initialized using 'CodeIgniter\Session\Handlers\FileHandler' driver.
DEBUG - 2025-08-24 12:27:45 --> Session: Class initialized using 'CodeIgniter\Session\Handlers\FileHandler' driver.
DEBUG - 2025-08-24 12:28:01 --> Session: Class initialized using 'CodeIgniter\Session\Handlers\FileHandler' driver.
DEBUG - 2025-08-24 12:28:06 --> Session: Class initialized using 'CodeIgniter\Session\Handlers\FileHandler' driver.
DEBUG - 2025-08-24 12:28:22 --> Session: Class initialized using 'CodeIgniter\Session\Handlers\FileHandler' driver.
DEBUG - 2025-08-24 12:28:27 --> Session: Class initialized using 'CodeIgniter\Session\Handlers\FileHandler' driver.
DEBUG - 2025-08-24 12:29:08 --> Session: Class initialized using 'CodeIgniter\Session\Handlers\FileHandler' driver.
DEBUG - 2025-08-24 12:29:12 --> Session: Class initialized using 'CodeIgniter\Session\Handlers\FileHandler' driver.
DEBUG - 2025-08-24 12:29:25 --> Session: Class initialized using 'CodeIgniter\Session\Handlers\FileHandler' driver.
DEBUG - 2025-08-24 12:30:06 --> Session: Class initialized using 'CodeIgniter\Session\Handlers\FileHandler' driver.
DEBUG - 2025-08-24 12:30:27 --> Session: Class initialized using 'CodeIgniter\Session\Handlers\FileHandler' driver.
DEBUG - 2025-08-24 12:30:30 --> Session: Class initialized using 'CodeIgniter\Session\Handlers\FileHandler' driver.
DEBUG - 2025-08-24 12:30:41 --> Session: Class initialized using 'CodeIgniter\Session\Handlers\FileHandler' driver.
DEBUG - 2025-08-24 12:30:41 --> Session: Class initialized using 'CodeIgniter\Session\Handlers\FileHandler' driver.
DEBUG - 2025-08-24 12:30:51 --> Session: Class initialized using 'CodeIgniter\Session\Handlers\FileHandler' driver.
DEBUG - 2025-08-24 12:30:52 --> Session: Class initialized using 'CodeIgniter\Session\Handlers\FileHandler' driver.
DEBUG - 2025-08-24 12:31:13 --> Session: Class initialized using 'CodeIgniter\Session\Handlers\FileHandler' driver.
DEBUG - 2025-08-24 12:31:45 --> Session: Class initialized using 'CodeIgniter\Session\Handlers\FileHandler' driver.
DEBUG - 2025-08-24 12:33:32 --> Session: Class initialized using 'CodeIgniter\Session\Handlers\FileHandler' driver.
DEBUG - 2025-08-24 12:33:33 --> Session: Class initialized using 'CodeIgniter\Session\Handlers\FileHandler' driver.
DEBUG - 2025-08-24 12:33:58 --> Session: Class initialized using 'CodeIgniter\Session\Handlers\FileHandler' driver.
DEBUG - 2025-08-24 12:39:01 --> Session: Class initialized using 'CodeIgniter\Session\Handlers\FileHandler' driver.
DEBUG - 2025-08-24 12:39:04 --> Session: Class initialized using 'CodeIgniter\Session\Handlers\FileHandler' driver.
DEBUG - 2025-08-24 12:39:07 --> Session: Class initialized using 'CodeIgniter\Session\Handlers\FileHandler' driver.
DEBUG - 2025-08-24 12:39:11 --> Session: Class initialized using 'CodeIgniter\Session\Handlers\FileHandler' driver.
DEBUG - 2025-08-24 12:39:11 --> Session: Class initialized using 'CodeIgniter\Session\Handlers\FileHandler' driver.
DEBUG - 2025-08-24 12:39:17 --> Session: Class initialized using 'CodeIgniter\Session\Handlers\FileHandler' driver.
DEBUG - 2025-08-24 12:39:18 --> Session: Class initialized using 'CodeIgniter\Session\Handlers\FileHandler' driver.
DEBUG - 2025-08-24 12:39:24 --> Session: Class initialized using 'CodeIgniter\Session\Handlers\FileHandler' driver.
DEBUG - 2025-08-24 12:39:25 --> Session: Class initialized using 'CodeIgniter\Session\Handlers\FileHandler' driver.
